
Book ãƒ¢ãƒ‡ãƒ«ã«é–¢ã™ã‚‹ãƒ†ã‚¹ãƒˆ
  å®Ÿéš›ã«ä¿å­˜ã—ã¦ã¿ã‚‹
[32m    æœ‰åŠ¹ãªæŠ•ç¨¿å†…å®¹ã®å ´åˆã¯ä¿å­˜ã•ã‚Œã‚‹ã‹[0m
  ç©ºç™½ã®ãƒãƒªãƒ‡ãƒ¼ã‚·ãƒ§ãƒ³ãƒã‚§ãƒƒã‚¯
[32m    titleãŒç©ºç™½ã®å ´åˆã«ãƒãƒªãƒ‡ãƒ¼ã‚·ãƒ§ãƒ³ãƒã‚§ãƒƒã‚¯ã•ã‚Œç©ºç™½ã®ã‚¨ãƒ©ãƒ¼ãƒ¡ãƒƒã‚»ãƒ¼ã‚¸ãŒè¿”ã£ã¦ãã¦ã„ã‚‹ã‹[0m
[32m    bodyãŒç©ºç™½ã®å ´åˆã«ãƒãƒªãƒ‡ãƒ¼ã‚·ãƒ§ãƒ³ãƒã‚§ãƒƒã‚¯ã•ã‚Œç©ºç™½ã®ã‚¨ãƒ©ãƒ¼ãƒ¡ãƒƒã‚»ãƒ¼ã‚¸ãŒè¿”ã£ã¦ãã¦ã„ã‚‹ã‹[0m
  titleã‚’ç©ºç™½ã§æŠ•ç¨¿ã—ãŸå ´åˆã«ç”»é¢ã«ã‚¨ãƒ©ãƒ¼ãƒ¡ãƒƒã‚»ãƒ¼ã‚¸ãŒè¡¨ç¤ºã•ã‚Œã¦ã„ã‚‹ã‹
[31m    ã‚¨ãƒ©ãƒ¼ãƒ¡ãƒƒã‚»ãƒ¼ã‚¸ã¯æ­£ã—ãè¡¨ç¤ºã•ã‚Œã‚‹ã‹ (FAILED - 1)[0m
  bodyã‚’ç©ºç™½ã§æŠ•ç¨¿ã—ãŸå ´åˆã«ç”»é¢ã«ã‚¨ãƒ©ãƒ¼ãƒ¡ãƒƒã‚»ãƒ¼ã‚¸ãŒè¡¨ç¤ºã•ã‚Œã¦ã„ã‚‹ã‹
[31m    ã‚¨ãƒ©ãƒ¼ãƒ¡ãƒƒã‚»ãƒ¼ã‚¸ã¯æ­£ã—ãè¡¨ç¤ºã•ã‚Œã‚‹ã‹ (FAILED - 2)[0m

æŠ•ç¨¿ã®ãƒ†ã‚¹ãƒˆ
  ãƒˆãƒƒãƒ—ç”»é¢(root_path)ã®ãƒ†ã‚¹ãƒˆ
    è¡¨ç¤ºã®ç¢ºèª
[32m      ãƒˆãƒƒãƒ—ç”»é¢(root_path)ã«ä¸€è¦§ãƒšãƒ¼ã‚¸ã¸ã®ãƒªãƒ³ã‚¯ãŒè¡¨ç¤ºã•ã‚Œã¦ã„ã‚‹ã‹[0m
[32m      root_pathãŒ"/"ã§ã‚ã‚‹ã‹[0m
  ä¸€è¦§ç”»é¢ã®ãƒ†ã‚¹ãƒˆ
    ä¸€è¦§ã®è¡¨ç¤ºã¨ãƒªãƒ³ã‚¯ã®ç¢ºèª
[31m      bookã®ä¸€è¦§è¡¨ç¤º(tableã‚¿ã‚°)ã¨æŠ•ç¨¿ãƒ•ã‚©ãƒ¼ãƒ ãŒåŒä¸€ç”»é¢ã«è¡¨ç¤ºã•ã‚Œã¦ã„ã‚‹ã‹ (FAILED - 3)[0m
[31m      bookã®ã‚¿ã‚¤ãƒˆãƒ«ã¨æ„Ÿæƒ³ã‚’è¡¨ç¤ºã—ã€è©³ç´°ãƒ»ç·¨é›†ãƒ»å‰Šé™¤ã®ãƒªãƒ³ã‚¯ãŒè¡¨ç¤ºã•ã‚Œã¦ã„ã‚‹ã‹ (FAILED - 4)[0m
[31m      Create Bookãƒœã‚¿ãƒ³ãŒè¡¨ç¤ºã•ã‚Œã‚‹ (FAILED - 5)[0m
    æŠ•ç¨¿å‡¦ç†ã«é–¢ã™ã‚‹ãƒ†ã‚¹ãƒˆ
[31m      æŠ•ç¨¿ã«æˆåŠŸã—ã‚µã‚¯ã‚»ã‚¹ãƒ¡ãƒƒã‚»ãƒ¼ã‚¸ãŒè¡¨ç¤ºã•ã‚Œã‚‹ã‹ (FAILED - 6)[0m
[31m      æŠ•ç¨¿ã«å¤±æ•—ã™ã‚‹ (FAILED - 7)[0m
[31m      æŠ•ç¨¿å¾Œã®ãƒªãƒ€ã‚¤ãƒ¬ã‚¯ãƒˆå…ˆã¯æ­£ã—ã„ã‹ (FAILED - 8)[0m
    bookå‰Šé™¤ã®ãƒ†ã‚¹ãƒˆ
[31m      application.html.erbã«javascript_pack_tagã‚’å«ã‚“ã§ã„ã‚‹ã‹ (FAILED - 9)[0m
[31m      bookã®å‰Šé™¤ (FAILED - 10)[0m
  è©³ç´°ç”»é¢ã®ãƒ†ã‚¹ãƒˆ
    è¡¨ç¤ºã®ç¢ºèª
[32m      æœ¬ã®ã‚¿ã‚¤ãƒˆãƒ«ã¨æ„Ÿæƒ³ãŒç”»é¢ã«è¡¨ç¤ºã•ã‚Œã¦ã„ã‚‹ã“ã¨[0m
[32m      Editãƒªãƒ³ã‚¯ãŒè¡¨ç¤ºã•ã‚Œã‚‹[0m
[32m      Backãƒªãƒ³ã‚¯ãŒè¡¨ç¤ºã•ã‚Œã‚‹[0m
    ãƒªãƒ³ã‚¯ã®é·ç§»å…ˆã®ç¢ºèª
[32m      Editã®é·ç§»å…ˆã¯ç·¨é›†ç”»é¢ã‹[0m
[31m      Backã®é·ç§»å…ˆã¯ä¸€è¦§ç”»é¢ã‹ (FAILED - 11)[0m
  ç·¨é›†ç”»é¢ã®ãƒ†ã‚¹ãƒˆ
    è¡¨ç¤ºã®ç¢ºèª
[32m      ç·¨é›†å‰ã®ã‚¿ã‚¤ãƒˆãƒ«ã¨æ„Ÿæƒ³ãŒãƒ•ã‚©ãƒ¼ãƒ ã«è¡¨ç¤º(ã‚»ãƒƒãƒˆ)ã•ã‚Œã¦ã„ã‚‹[0m
[32m      Update Bookãƒœã‚¿ãƒ³ãŒè¡¨ç¤ºã•ã‚Œã‚‹[0m
[32m      Showãƒªãƒ³ã‚¯ãŒè¡¨ç¤ºã•ã‚Œã‚‹[0m
[32m      Backãƒªãƒ³ã‚¯ãŒè¡¨ç¤ºã•ã‚Œã‚‹[0m
    ãƒªãƒ³ã‚¯ã®é·ç§»å…ˆã®ç¢ºèª
[32m      Showã®é·ç§»å…ˆã¯è©³ç´°ç”»é¢ã‹[0m
[31m      Backã®é·ç§»å…ˆã¯ä¸€è¦§ç”»é¢ã‹ (FAILED - 12)[0m
    æ›´æ–°å‡¦ç†ã«é–¢ã™ã‚‹ãƒ†ã‚¹ãƒˆ
[32m      æ›´æ–°ã«æˆåŠŸã—ã‚µã‚¯ã‚»ã‚¹ãƒ¡ãƒƒã‚»ãƒ¼ã‚¸ãŒè¡¨ç¤ºã•ã‚Œã‚‹ã‹[0m
[32m      æ›´æ–°ã«å¤±æ•—ã—ã‚¨ãƒ©ãƒ¼ãƒ¡ãƒƒã‚»ãƒ¼ã‚¸ãŒè¡¨ç¤ºã•ã‚Œã‚‹ã‹[0m
[32m      æ›´æ–°å¾Œã®ãƒªãƒ€ã‚¤ãƒ¬ã‚¯ãƒˆå…ˆã¯æ­£ã—ã„ã‹[0m

Failures:

  1) Book ãƒ¢ãƒ‡ãƒ«ã«é–¢ã™ã‚‹ãƒ†ã‚¹ãƒˆ titleã‚’ç©ºç™½ã§æŠ•ç¨¿ã—ãŸå ´åˆã«ç”»é¢ã«ã‚¨ãƒ©ãƒ¼ãƒ¡ãƒƒã‚»ãƒ¼ã‚¸ãŒè¡¨ç¤ºã•ã‚Œã¦ã„ã‚‹ã‹ ã‚¨ãƒ©ãƒ¼ãƒ¡ãƒƒã‚»ãƒ¼ã‚¸ã¯æ­£ã—ãè¡¨ç¤ºã•ã‚Œã‚‹ã‹
     [31mFailure/Error: <%= form_with model: @book, local : true do |f| %>[0m
     [31m[0m
     [31mActionView::SyntaxErrorInTemplate:[0m
     [31m  Encountered a syntax error while rendering template: check [0m
     [31m  <body>[0m
     [31m[0m
     [31m    <div class="flash-notifications">[0m
     [31m      <% flash.each do |key, value| %>[0m
     [31m       <%= content_tag(:div, value, class: key) %>[0m
     [31m      <% end %>[0m
     [31m    </div>[0m
     [31m[0m
     [31m    <h1 class="header">Books</h1>[0m
     [31m    <!--æŠ•ç¨¿ä¸€è¦§-->[0m
     [31m    <table>[0m
     [31m      <thead>[0m
     [31m        <tr>[0m
     [31m          <th>Title</th>[0m
     [31m          <th>Body</th>[0m
     [31m          <th colspan="3"></th>[0m
     [31m        </tr>[0m
     [31m      </thead>[0m
     [31m[0m
     [31m      <tbody>[0m
     [31m        <!--ãƒ‡ãƒ¼ã‚¿ã‚’å–å¾—ã™ã‚‹æ§‹æ–‡-->[0m
     [31m        <% @books.each do |book| %>[0m
     [31m          <tr>[0m
     [31m            <td><%= book.title %></td>[0m
     [31m            <td><%= book.body %></td>[0m
     [31m            <td><%= link_to 'Show', book, method: :get %></td>[0m
     [31m            <td><%= link_to 'Edit', edit_book_path(book) %></td>[0m
     [31m            <!--viewã¯ä¸è¦-->[0m
     [31m            <td><%= link_to 'Destroy', book, method: :delete, data: {confirm: 'Are you sure?' } %></td>[0m
     [31m          </tr>[0m
     [31m          <% end %>[0m
     [31m      </tbody>[0m
     [31m    </table>[0m
     [31m[0m
     [31m    <!--æ–°è¦æŠ•ç¨¿-->[0m
     [31m    <h2>New book</h2>[0m
     [31m    <% if @book.errors.any? %>[0m
     [31m      <%= @book.errors.count %> errors prohibited this book from being saved:[0m
     [31m      <ul>[0m
     [31m        <% @book.errors.full_messages.each do |message| %>[0m
     [31m        <li><%= message %></li>[0m
     [31m      <% end %>[0m
     [31m      </ul>[0m
     [31m    <% end %>[0m
     [31m[0m
     [31m    <div class="form">[0m
     [31m    <!--form_withãƒ˜ãƒ«ãƒ‘ãƒ¼-->[0m
     [31m    <%= form_with model: @book, local : true do |f| %>[0m
     [31m      <div class="field">[0m
     [31m      <label for="book_title">Title</label>[0m
     [31m      <%= f.text_field :title %>[0m
     [31m      </div>[0m
     [31m[0m
     [31m      <div class="field">[0m
     [31m      <label for="book_body">Body</label>[0m
     [31m      <%= f.text_area :body %>[0m
     [31m      </div>[0m
     [31m[0m
     [31m      <div class="action">[0m
     [31m      <%= f.submit 'Create Book' %>[0m
     [31m      </div>[0m
     [31m    <% end %>[0m
     [31m    </div>[0m
     [31m  </body>[0m
     [36m# ./app/views/books/index.html.erb:49: syntax error, unexpected ':', expecting =>[0m
     [36m# ...form_with model: @book, local : true do |f| @output_buffer.s...[0m
     [36m# ...                              ^[0m
     [36m# ./app/views/books/index.html.erb:68: syntax error, unexpected end, expecting end-of-input[0m
     [36m#           end[0m
     [36m#           ^~~[0m
     [36m# ./app/views/books/index.html.erb:49: syntax error, unexpected ':', expecting =>[0m
     [36m# ...form_with model: @book, local : true do |f| @output_buffer.s...[0m
     [36m# ...                              ^[0m
     [36m# ./app/views/books/index.html.erb:68: syntax error, unexpected end, expecting end-of-input[0m
     [36m#           end[0m
     [36m#           ^~~[0m
     [36m# /home/ec2-user/.rvm/gems/ruby-2.6.3/gems/actiontext-6.1.4.7/lib/action_text/rendering.rb:20:in `with_renderer'[0m
     [36m# /home/ec2-user/.rvm/gems/ruby-2.6.3/gems/actiontext-6.1.4.7/lib/action_text/engine.rb:59:in `block (4 levels) in <class:Engine>'[0m
     [36m# /home/ec2-user/.rvm/gems/ruby-2.6.3/gems/rack-2.2.3/lib/rack/tempfile_reaper.rb:15:in `call'[0m
     [36m# /home/ec2-user/.rvm/gems/ruby-2.6.3/gems/rack-2.2.3/lib/rack/etag.rb:27:in `call'[0m
     [36m# /home/ec2-user/.rvm/gems/ruby-2.6.3/gems/rack-2.2.3/lib/rack/conditional_get.rb:27:in `call'[0m
     [36m# /home/ec2-user/.rvm/gems/ruby-2.6.3/gems/rack-2.2.3/lib/rack/head.rb:12:in `call'[0m
     [36m# /home/ec2-user/.rvm/gems/ruby-2.6.3/gems/rack-2.2.3/lib/rack/session/abstract/id.rb:266:in `context'[0m
     [36m# /home/ec2-user/.rvm/gems/ruby-2.6.3/gems/rack-2.2.3/lib/rack/session/abstract/id.rb:260:in `call'[0m
     [36m# /home/ec2-user/.rvm/gems/ruby-2.6.3/gems/railties-6.1.4.7/lib/rails/rack/logger.rb:37:in `call_app'[0m
     [36m# /home/ec2-user/.rvm/gems/ruby-2.6.3/gems/railties-6.1.4.7/lib/rails/rack/logger.rb:26:in `block in call'[0m
     [36m# /home/ec2-user/.rvm/gems/ruby-2.6.3/gems/railties-6.1.4.7/lib/rails/rack/logger.rb:26:in `call'[0m
     [36m# /home/ec2-user/.rvm/gems/ruby-2.6.3/gems/rack-2.2.3/lib/rack/method_override.rb:24:in `call'[0m
     [36m# /home/ec2-user/.rvm/gems/ruby-2.6.3/gems/rack-2.2.3/lib/rack/runtime.rb:22:in `call'[0m
     [36m# /home/ec2-user/.rvm/gems/ruby-2.6.3/gems/rack-2.2.3/lib/rack/sendfile.rb:110:in `call'[0m
     [36m# /home/ec2-user/.rvm/gems/ruby-2.6.3/gems/railties-6.1.4.7/lib/rails/engine.rb:539:in `call'[0m
     [36m# /home/ec2-user/.rvm/gems/ruby-2.6.3/gems/rack-2.2.3/lib/rack/urlmap.rb:74:in `block in call'[0m
     [36m# /home/ec2-user/.rvm/gems/ruby-2.6.3/gems/rack-2.2.3/lib/rack/urlmap.rb:58:in `each'[0m
     [36m# /home/ec2-user/.rvm/gems/ruby-2.6.3/gems/rack-2.2.3/lib/rack/urlmap.rb:58:in `call'[0m
     [36m# /home/ec2-user/.rvm/gems/ruby-2.6.3/gems/rack-2.2.3/lib/rack/builder.rb:244:in `call'[0m
     [36m# /home/ec2-user/.rvm/gems/ruby-2.6.3/gems/rack-test-1.1.0/lib/rack/mock_session.rb:29:in `request'[0m
     [36m# /home/ec2-user/.rvm/gems/ruby-2.6.3/gems/rack-test-1.1.0/lib/rack/test.rb:266:in `process_request'[0m
     [36m# /home/ec2-user/.rvm/gems/ruby-2.6.3/gems/rack-test-1.1.0/lib/rack/test.rb:129:in `custom_request'[0m
     [36m# /home/ec2-user/.rvm/gems/ruby-2.6.3/gems/rack-test-1.1.0/lib/rack/test.rb:58:in `get'[0m
     [36m# /home/ec2-user/.rvm/gems/ruby-2.6.3/gems/capybara-3.36.0/lib/capybara/rack_test/browser.rb:72:in `process'[0m
     [36m# /home/ec2-user/.rvm/gems/ruby-2.6.3/gems/capybara-3.36.0/lib/capybara/rack_test/browser.rb:47:in `process_and_follow_redirects'[0m
     [36m# /home/ec2-user/.rvm/gems/ruby-2.6.3/gems/capybara-3.36.0/lib/capybara/rack_test/browser.rb:24:in `visit'[0m
     [36m# /home/ec2-user/.rvm/gems/ruby-2.6.3/gems/capybara-3.36.0/lib/capybara/rack_test/driver.rb:46:in `visit'[0m
     [36m# /home/ec2-user/.rvm/gems/ruby-2.6.3/gems/capybara-3.36.0/lib/capybara/session.rb:278:in `visit'[0m
     [36m# /home/ec2-user/.rvm/gems/ruby-2.6.3/gems/capybara-3.36.0/lib/capybara/dsl.rb:58:in `block (2 levels) in <module:DSL>'[0m
     [36m# ./spec/models/book_spec.rb:25:in `block (3 levels) in <top (required)>'[0m
     [36m# ------------------[0m
     [36m# --- Caused by: ---[0m
     [36m# SyntaxError:[0m
     [36m#   /home/ec2-user/environment/dwc_bookers/app/views/books/index.html.erb:49: syntax error, unexpected ':', expecting =>[0m
     [36m#   ...form_with model: @book, local : true do |f| @output_buffer.s...[0m
     [36m#   ...                              ^[0m
     [36m#   /home/ec2-user/environment/dwc_bookers/app/views/books/index.html.erb:68: syntax error, unexpected end, expecting end-of-input[0m
     [36m#             end[0m
     [36m#             ^~~[0m
     [36m#   ./app/views/books/index.html.erb:49: syntax error, unexpected ':', expecting =>[0m

  2) Book ãƒ¢ãƒ‡ãƒ«ã«é–¢ã™ã‚‹ãƒ†ã‚¹ãƒˆ bodyã‚’ç©ºç™½ã§æŠ•ç¨¿ã—ãŸå ´åˆã«ç”»é¢ã«ã‚¨ãƒ©ãƒ¼ãƒ¡ãƒƒã‚»ãƒ¼ã‚¸ãŒè¡¨ç¤ºã•ã‚Œã¦ã„ã‚‹ã‹ ã‚¨ãƒ©ãƒ¼ãƒ¡ãƒƒã‚»ãƒ¼ã‚¸ã¯æ­£ã—ãè¡¨ç¤ºã•ã‚Œã‚‹ã‹
     [31mFailure/Error: <%= form_with model: @book, local : true do |f| %>[0m
     [31m[0m
     [31mActionView::SyntaxErrorInTemplate:[0m
     [31m  Encountered a syntax error while rendering template: check [0m
     [31m  <body>[0m
     [31m[0m
     [31m    <div class="flash-notifications">[0m
     [31m      <% flash.each do |key, value| %>[0m
     [31m       <%= content_tag(:div, value, class: key) %>[0m
     [31m      <% end %>[0m
     [31m    </div>[0m
     [31m[0m
     [31m    <h1 class="header">Books</h1>[0m
     [31m    <!--æŠ•ç¨¿ä¸€è¦§-->[0m
     [31m    <table>[0m
     [31m      <thead>[0m
     [31m        <tr>[0m
     [31m          <th>Title</th>[0m
     [31m          <th>Body</th>[0m
     [31m          <th colspan="3"></th>[0m
     [31m        </tr>[0m
     [31m      </thead>[0m
     [31m[0m
     [31m      <tbody>[0m
     [31m        <!--ãƒ‡ãƒ¼ã‚¿ã‚’å–å¾—ã™ã‚‹æ§‹æ–‡-->[0m
     [31m        <% @books.each do |book| %>[0m
     [31m          <tr>[0m
     [31m            <td><%= book.title %></td>[0m
     [31m            <td><%= book.body %></td>[0m
     [31m            <td><%= link_to 'Show', book, method: :get %></td>[0m
     [31m            <td><%= link_to 'Edit', edit_book_path(book) %></td>[0m
     [31m            <!--viewã¯ä¸è¦-->[0m
     [31m            <td><%= link_to 'Destroy', book, method: :delete, data: {confirm: 'Are you sure?' } %></td>[0m
     [31m          </tr>[0m
     [31m          <% end %>[0m
     [31m      </tbody>[0m
     [31m    </table>[0m
     [31m[0m
     [31m    <!--æ–°è¦æŠ•ç¨¿-->[0m
     [31m    <h2>New book</h2>[0m
     [31m    <% if @book.errors.any? %>[0m
     [31m      <%= @book.errors.count %> errors prohibited this book from being saved:[0m
     [31m      <ul>[0m
     [31m        <% @book.errors.full_messages.each do |message| %>[0m
     [31m        <li><%= message %></li>[0m
     [31m      <% end %>[0m
     [31m      </ul>[0m
     [31m    <% end %>[0m
     [31m[0m
     [31m    <div class="form">[0m
     [31m    <!--form_withãƒ˜ãƒ«ãƒ‘ãƒ¼-->[0m
     [31m    <%= form_with model: @book, local : true do |f| %>[0m
     [31m      <div class="field">[0m
     [31m      <label for="book_title">Title</label>[0m
     [31m      <%= f.text_field :title %>[0m
     [31m      </div>[0m
     [31m[0m
     [31m      <div class="field">[0m
     [31m      <label for="book_body">Body</label>[0m
     [31m      <%= f.text_area :body %>[0m
     [31m      </div>[0m
     [31m[0m
     [31m      <div class="action">[0m
     [31m      <%= f.submit 'Create Book' %>[0m
     [31m      </div>[0m
     [31m    <% end %>[0m
     [31m    </div>[0m
     [31m  </body>[0m
     [36m# ./app/views/books/index.html.erb:49: syntax error, unexpected ':', expecting =>[0m
     [36m# ...form_with model: @book, local : true do |f| @output_buffer.s...[0m
     [36m# ...                              ^[0m
     [36m# ./app/views/books/index.html.erb:68: syntax error, unexpected end, expecting end-of-input[0m
     [36m#           end[0m
     [36m#           ^~~[0m
     [36m# ./app/views/books/index.html.erb:49: syntax error, unexpected ':', expecting =>[0m
     [36m# ...form_with model: @book, local : true do |f| @output_buffer.s...[0m
     [36m# ...                              ^[0m
     [36m# ./app/views/books/index.html.erb:68: syntax error, unexpected end, expecting end-of-input[0m
     [36m#           end[0m
     [36m#           ^~~[0m
     [36m# /home/ec2-user/.rvm/gems/ruby-2.6.3/gems/actiontext-6.1.4.7/lib/action_text/rendering.rb:20:in `with_renderer'[0m
     [36m# /home/ec2-user/.rvm/gems/ruby-2.6.3/gems/actiontext-6.1.4.7/lib/action_text/engine.rb:59:in `block (4 levels) in <class:Engine>'[0m
     [36m# /home/ec2-user/.rvm/gems/ruby-2.6.3/gems/rack-2.2.3/lib/rack/tempfile_reaper.rb:15:in `call'[0m
     [36m# /home/ec2-user/.rvm/gems/ruby-2.6.3/gems/rack-2.2.3/lib/rack/etag.rb:27:in `call'[0m
     [36m# /home/ec2-user/.rvm/gems/ruby-2.6.3/gems/rack-2.2.3/lib/rack/conditional_get.rb:27:in `call'[0m
     [36m# /home/ec2-user/.rvm/gems/ruby-2.6.3/gems/rack-2.2.3/lib/rack/head.rb:12:in `call'[0m
     [36m# /home/ec2-user/.rvm/gems/ruby-2.6.3/gems/rack-2.2.3/lib/rack/session/abstract/id.rb:266:in `context'[0m
     [36m# /home/ec2-user/.rvm/gems/ruby-2.6.3/gems/rack-2.2.3/lib/rack/session/abstract/id.rb:260:in `call'[0m
     [36m# /home/ec2-user/.rvm/gems/ruby-2.6.3/gems/railties-6.1.4.7/lib/rails/rack/logger.rb:37:in `call_app'[0m
     [36m# /home/ec2-user/.rvm/gems/ruby-2.6.3/gems/railties-6.1.4.7/lib/rails/rack/logger.rb:26:in `block in call'[0m
     [36m# /home/ec2-user/.rvm/gems/ruby-2.6.3/gems/railties-6.1.4.7/lib/rails/rack/logger.rb:26:in `call'[0m
     [36m# /home/ec2-user/.rvm/gems/ruby-2.6.3/gems/rack-2.2.3/lib/rack/method_override.rb:24:in `call'[0m
     [36m# /home/ec2-user/.rvm/gems/ruby-2.6.3/gems/rack-2.2.3/lib/rack/runtime.rb:22:in `call'[0m
     [36m# /home/ec2-user/.rvm/gems/ruby-2.6.3/gems/rack-2.2.3/lib/rack/sendfile.rb:110:in `call'[0m
     [36m# /home/ec2-user/.rvm/gems/ruby-2.6.3/gems/railties-6.1.4.7/lib/rails/engine.rb:539:in `call'[0m
     [36m# /home/ec2-user/.rvm/gems/ruby-2.6.3/gems/rack-2.2.3/lib/rack/urlmap.rb:74:in `block in call'[0m
     [36m# /home/ec2-user/.rvm/gems/ruby-2.6.3/gems/rack-2.2.3/lib/rack/urlmap.rb:58:in `each'[0m
     [36m# /home/ec2-user/.rvm/gems/ruby-2.6.3/gems/rack-2.2.3/lib/rack/urlmap.rb:58:in `call'[0m
     [36m# /home/ec2-user/.rvm/gems/ruby-2.6.3/gems/rack-2.2.3/lib/rack/builder.rb:244:in `call'[0m
     [36m# /home/ec2-user/.rvm/gems/ruby-2.6.3/gems/rack-test-1.1.0/lib/rack/mock_session.rb:29:in `request'[0m
     [36m# /home/ec2-user/.rvm/gems/ruby-2.6.3/gems/rack-test-1.1.0/lib/rack/test.rb:266:in `process_request'[0m
     [36m# /home/ec2-user/.rvm/gems/ruby-2.6.3/gems/rack-test-1.1.0/lib/rack/test.rb:129:in `custom_request'[0m
     [36m# /home/ec2-user/.rvm/gems/ruby-2.6.3/gems/rack-test-1.1.0/lib/rack/test.rb:58:in `get'[0m
     [36m# /home/ec2-user/.rvm/gems/ruby-2.6.3/gems/capybara-3.36.0/lib/capybara/rack_test/browser.rb:72:in `process'[0m
     [36m# /home/ec2-user/.rvm/gems/ruby-2.6.3/gems/capybara-3.36.0/lib/capybara/rack_test/browser.rb:47:in `process_and_follow_redirects'[0m
     [36m# /home/ec2-user/.rvm/gems/ruby-2.6.3/gems/capybara-3.36.0/lib/capybara/rack_test/browser.rb:24:in `visit'[0m
     [36m# /home/ec2-user/.rvm/gems/ruby-2.6.3/gems/capybara-3.36.0/lib/capybara/rack_test/driver.rb:46:in `visit'[0m
     [36m# /home/ec2-user/.rvm/gems/ruby-2.6.3/gems/capybara-3.36.0/lib/capybara/session.rb:278:in `visit'[0m
     [36m# /home/ec2-user/.rvm/gems/ruby-2.6.3/gems/capybara-3.36.0/lib/capybara/dsl.rb:58:in `block (2 levels) in <module:DSL>'[0m
     [36m# ./spec/models/book_spec.rb:35:in `block (3 levels) in <top (required)>'[0m
     [36m# ------------------[0m
     [36m# --- Caused by: ---[0m
     [36m# SyntaxError:[0m
     [36m#   /home/ec2-user/environment/dwc_bookers/app/views/books/index.html.erb:49: syntax error, unexpected ':', expecting =>[0m
     [36m#   ...form_with model: @book, local : true do |f| @output_buffer.s...[0m
     [36m#   ...                              ^[0m
     [36m#   /home/ec2-user/environment/dwc_bookers/app/views/books/index.html.erb:68: syntax error, unexpected end, expecting end-of-input[0m
     [36m#             end[0m
     [36m#             ^~~[0m
     [36m#   ./app/views/books/index.html.erb:49: syntax error, unexpected ':', expecting =>[0m

  3) æŠ•ç¨¿ã®ãƒ†ã‚¹ãƒˆ ä¸€è¦§ç”»é¢ã®ãƒ†ã‚¹ãƒˆ ä¸€è¦§ã®è¡¨ç¤ºã¨ãƒªãƒ³ã‚¯ã®ç¢ºèª bookã®ä¸€è¦§è¡¨ç¤º(tableã‚¿ã‚°)ã¨æŠ•ç¨¿ãƒ•ã‚©ãƒ¼ãƒ ãŒåŒä¸€ç”»é¢ã«è¡¨ç¤ºã•ã‚Œã¦ã„ã‚‹ã‹
     [31mFailure/Error: <%= form_with model: @book, local : true do |f| %>[0m
     [31m[0m
     [31mActionView::SyntaxErrorInTemplate:[0m
     [31m  Encountered a syntax error while rendering template: check [0m
     [31m  <body>[0m
     [31m[0m
     [31m    <div class="flash-notifications">[0m
     [31m      <% flash.each do |key, value| %>[0m
     [31m       <%= content_tag(:div, value, class: key) %>[0m
     [31m      <% end %>[0m
     [31m    </div>[0m
     [31m[0m
     [31m    <h1 class="header">Books</h1>[0m
     [31m    <!--æŠ•ç¨¿ä¸€è¦§-->[0m
     [31m    <table>[0m
     [31m      <thead>[0m
     [31m        <tr>[0m
     [31m          <th>Title</th>[0m
     [31m          <th>Body</th>[0m
     [31m          <th colspan="3"></th>[0m
     [31m        </tr>[0m
     [31m      </thead>[0m
     [31m[0m
     [31m      <tbody>[0m
     [31m        <!--ãƒ‡ãƒ¼ã‚¿ã‚’å–å¾—ã™ã‚‹æ§‹æ–‡-->[0m
     [31m        <% @books.each do |book| %>[0m
     [31m          <tr>[0m
     [31m            <td><%= book.title %></td>[0m
     [31m            <td><%= book.body %></td>[0m
     [31m            <td><%= link_to 'Show', book, method: :get %></td>[0m
     [31m            <td><%= link_to 'Edit', edit_book_path(book) %></td>[0m
     [31m            <!--viewã¯ä¸è¦-->[0m
     [31m            <td><%= link_to 'Destroy', book, method: :delete, data: {confirm: 'Are you sure?' } %></td>[0m
     [31m          </tr>[0m
     [31m          <% end %>[0m
     [31m      </tbody>[0m
     [31m    </table>[0m
     [31m[0m
     [31m    <!--æ–°è¦æŠ•ç¨¿-->[0m
     [31m    <h2>New book</h2>[0m
     [31m    <% if @book.errors.any? %>[0m
     [31m      <%= @book.errors.count %> errors prohibited this book from being saved:[0m
     [31m      <ul>[0m
     [31m        <% @book.errors.full_messages.each do |message| %>[0m
     [31m        <li><%= message %></li>[0m
     [31m      <% end %>[0m
     [31m      </ul>[0m
     [31m    <% end %>[0m
     [31m[0m
     [31m    <div class="form">[0m
     [31m    <!--form_withãƒ˜ãƒ«ãƒ‘ãƒ¼-->[0m
     [31m    <%= form_with model: @book, local : true do |f| %>[0m
     [31m      <div class="field">[0m
     [31m      <label for="book_title">Title</label>[0m
     [31m      <%= f.text_field :title %>[0m
     [31m      </div>[0m
     [31m[0m
     [31m      <div class="field">[0m
     [31m      <label for="book_body">Body</label>[0m
     [31m      <%= f.text_area :body %>[0m
     [31m      </div>[0m
     [31m[0m
     [31m      <div class="action">[0m
     [31m      <%= f.submit 'Create Book' %>[0m
     [31m      </div>[0m
     [31m    <% end %>[0m
     [31m    </div>[0m
     [31m  </body>[0m
     [36m# ./app/views/books/index.html.erb:49: syntax error, unexpected ':', expecting =>[0m
     [36m# ...form_with model: @book, local : true do |f| @output_buffer.s...[0m
     [36m# ...                              ^[0m
     [36m# ./app/views/books/index.html.erb:68: syntax error, unexpected end, expecting end-of-input[0m
     [36m#           end[0m
     [36m#           ^~~[0m
     [36m# ./app/views/books/index.html.erb:49: syntax error, unexpected ':', expecting =>[0m
     [36m# ...form_with model: @book, local : true do |f| @output_buffer.s...[0m
     [36m# ...                              ^[0m
     [36m# ./app/views/books/index.html.erb:68: syntax error, unexpected end, expecting end-of-input[0m
     [36m#           end[0m
     [36m#           ^~~[0m
     [36m# /home/ec2-user/.rvm/gems/ruby-2.6.3/gems/actiontext-6.1.4.7/lib/action_text/rendering.rb:20:in `with_renderer'[0m
     [36m# /home/ec2-user/.rvm/gems/ruby-2.6.3/gems/actiontext-6.1.4.7/lib/action_text/engine.rb:59:in `block (4 levels) in <class:Engine>'[0m
     [36m# /home/ec2-user/.rvm/gems/ruby-2.6.3/gems/rack-2.2.3/lib/rack/tempfile_reaper.rb:15:in `call'[0m
     [36m# /home/ec2-user/.rvm/gems/ruby-2.6.3/gems/rack-2.2.3/lib/rack/etag.rb:27:in `call'[0m
     [36m# /home/ec2-user/.rvm/gems/ruby-2.6.3/gems/rack-2.2.3/lib/rack/conditional_get.rb:27:in `call'[0m
     [36m# /home/ec2-user/.rvm/gems/ruby-2.6.3/gems/rack-2.2.3/lib/rack/head.rb:12:in `call'[0m
     [36m# /home/ec2-user/.rvm/gems/ruby-2.6.3/gems/rack-2.2.3/lib/rack/session/abstract/id.rb:266:in `context'[0m
     [36m# /home/ec2-user/.rvm/gems/ruby-2.6.3/gems/rack-2.2.3/lib/rack/session/abstract/id.rb:260:in `call'[0m
     [36m# /home/ec2-user/.rvm/gems/ruby-2.6.3/gems/railties-6.1.4.7/lib/rails/rack/logger.rb:37:in `call_app'[0m
     [36m# /home/ec2-user/.rvm/gems/ruby-2.6.3/gems/railties-6.1.4.7/lib/rails/rack/logger.rb:26:in `block in call'[0m
     [36m# /home/ec2-user/.rvm/gems/ruby-2.6.3/gems/railties-6.1.4.7/lib/rails/rack/logger.rb:26:in `call'[0m
     [36m# /home/ec2-user/.rvm/gems/ruby-2.6.3/gems/rack-2.2.3/lib/rack/method_override.rb:24:in `call'[0m
     [36m# /home/ec2-user/.rvm/gems/ruby-2.6.3/gems/rack-2.2.3/lib/rack/runtime.rb:22:in `call'[0m
     [36m# /home/ec2-user/.rvm/gems/ruby-2.6.3/gems/rack-2.2.3/lib/rack/sendfile.rb:110:in `call'[0m
     [36m# /home/ec2-user/.rvm/gems/ruby-2.6.3/gems/railties-6.1.4.7/lib/rails/engine.rb:539:in `call'[0m
     [36m# /home/ec2-user/.rvm/gems/ruby-2.6.3/gems/rack-2.2.3/lib/rack/urlmap.rb:74:in `block in call'[0m
     [36m# /home/ec2-user/.rvm/gems/ruby-2.6.3/gems/rack-2.2.3/lib/rack/urlmap.rb:58:in `each'[0m
     [36m# /home/ec2-user/.rvm/gems/ruby-2.6.3/gems/rack-2.2.3/lib/rack/urlmap.rb:58:in `call'[0m
     [36m# /home/ec2-user/.rvm/gems/ruby-2.6.3/gems/rack-2.2.3/lib/rack/builder.rb:244:in `call'[0m
     [36m# /home/ec2-user/.rvm/gems/ruby-2.6.3/gems/rack-test-1.1.0/lib/rack/mock_session.rb:29:in `request'[0m
     [36m# /home/ec2-user/.rvm/gems/ruby-2.6.3/gems/rack-test-1.1.0/lib/rack/test.rb:266:in `process_request'[0m
     [36m# /home/ec2-user/.rvm/gems/ruby-2.6.3/gems/rack-test-1.1.0/lib/rack/test.rb:129:in `custom_request'[0m
     [36m# /home/ec2-user/.rvm/gems/ruby-2.6.3/gems/rack-test-1.1.0/lib/rack/test.rb:58:in `get'[0m
     [36m# /home/ec2-user/.rvm/gems/ruby-2.6.3/gems/capybara-3.36.0/lib/capybara/rack_test/browser.rb:72:in `process'[0m
     [36m# /home/ec2-user/.rvm/gems/ruby-2.6.3/gems/capybara-3.36.0/lib/capybara/rack_test/browser.rb:47:in `process_and_follow_redirects'[0m
     [36m# /home/ec2-user/.rvm/gems/ruby-2.6.3/gems/capybara-3.36.0/lib/capybara/rack_test/browser.rb:24:in `visit'[0m
     [36m# /home/ec2-user/.rvm/gems/ruby-2.6.3/gems/capybara-3.36.0/lib/capybara/rack_test/driver.rb:46:in `visit'[0m
     [36m# /home/ec2-user/.rvm/gems/ruby-2.6.3/gems/capybara-3.36.0/lib/capybara/session.rb:278:in `visit'[0m
     [36m# /home/ec2-user/.rvm/gems/ruby-2.6.3/gems/capybara-3.36.0/lib/capybara/dsl.rb:58:in `block (2 levels) in <module:DSL>'[0m
     [36m# ./spec/system/books_spec.rb:20:in `block (3 levels) in <main>'[0m
     [36m# ------------------[0m
     [36m# --- Caused by: ---[0m
     [36m# SyntaxError:[0m
     [36m#   /home/ec2-user/environment/dwc_bookers/app/views/books/index.html.erb:49: syntax error, unexpected ':', expecting =>[0m
     [36m#   ...form_with model: @book, local : true do |f| @output_buffer.s...[0m
     [36m#   ...                              ^[0m
     [36m#   /home/ec2-user/environment/dwc_bookers/app/views/books/index.html.erb:68: syntax error, unexpected end, expecting end-of-input[0m
     [36m#             end[0m
     [36m#             ^~~[0m
     [36m#   ./app/views/books/index.html.erb:49: syntax error, unexpected ':', expecting =>[0m

  4) æŠ•ç¨¿ã®ãƒ†ã‚¹ãƒˆ ä¸€è¦§ç”»é¢ã®ãƒ†ã‚¹ãƒˆ ä¸€è¦§ã®è¡¨ç¤ºã¨ãƒªãƒ³ã‚¯ã®ç¢ºèª bookã®ã‚¿ã‚¤ãƒˆãƒ«ã¨æ„Ÿæƒ³ã‚’è¡¨ç¤ºã—ã€è©³ç´°ãƒ»ç·¨é›†ãƒ»å‰Šé™¤ã®ãƒªãƒ³ã‚¯ãŒè¡¨ç¤ºã•ã‚Œã¦ã„ã‚‹ã‹
     [31mFailure/Error: <%= form_with model: @book, local : true do |f| %>[0m
     [31m[0m
     [31mActionView::SyntaxErrorInTemplate:[0m
     [31m  Encountered a syntax error while rendering template: check [0m
     [31m  <body>[0m
     [31m[0m
     [31m    <div class="flash-notifications">[0m
     [31m      <% flash.each do |key, value| %>[0m
     [31m       <%= content_tag(:div, value, class: key) %>[0m
     [31m      <% end %>[0m
     [31m    </div>[0m
     [31m[0m
     [31m    <h1 class="header">Books</h1>[0m
     [31m    <!--æŠ•ç¨¿ä¸€è¦§-->[0m
     [31m    <table>[0m
     [31m      <thead>[0m
     [31m        <tr>[0m
     [31m          <th>Title</th>[0m
     [31m          <th>Body</th>[0m
     [31m          <th colspan="3"></th>[0m
     [31m        </tr>[0m
     [31m      </thead>[0m
     [31m[0m
     [31m      <tbody>[0m
     [31m        <!--ãƒ‡ãƒ¼ã‚¿ã‚’å–å¾—ã™ã‚‹æ§‹æ–‡-->[0m
     [31m        <% @books.each do |book| %>[0m
     [31m          <tr>[0m
     [31m            <td><%= book.title %></td>[0m
     [31m            <td><%= book.body %></td>[0m
     [31m            <td><%= link_to 'Show', book, method: :get %></td>[0m
     [31m            <td><%= link_to 'Edit', edit_book_path(book) %></td>[0m
     [31m            <!--viewã¯ä¸è¦-->[0m
     [31m            <td><%= link_to 'Destroy', book, method: :delete, data: {confirm: 'Are you sure?' } %></td>[0m
     [31m          </tr>[0m
     [31m          <% end %>[0m
     [31m      </tbody>[0m
     [31m    </table>[0m
     [31m[0m
     [31m    <!--æ–°è¦æŠ•ç¨¿-->[0m
     [31m    <h2>New book</h2>[0m
     [31m    <% if @book.errors.any? %>[0m
     [31m      <%= @book.errors.count %> errors prohibited this book from being saved:[0m
     [31m      <ul>[0m
     [31m        <% @book.errors.full_messages.each do |message| %>[0m
     [31m        <li><%= message %></li>[0m
     [31m      <% end %>[0m
     [31m      </ul>[0m
     [31m    <% end %>[0m
     [31m[0m
     [31m    <div class="form">[0m
     [31m    <!--form_withãƒ˜ãƒ«ãƒ‘ãƒ¼-->[0m
     [31m    <%= form_with model: @book, local : true do |f| %>[0m
     [31m      <div class="field">[0m
     [31m      <label for="book_title">Title</label>[0m
     [31m      <%= f.text_field :title %>[0m
     [31m      </div>[0m
     [31m[0m
     [31m      <div class="field">[0m
     [31m      <label for="book_body">Body</label>[0m
     [31m      <%= f.text_area :body %>[0m
     [31m      </div>[0m
     [31m[0m
     [31m      <div class="action">[0m
     [31m      <%= f.submit 'Create Book' %>[0m
     [31m      </div>[0m
     [31m    <% end %>[0m
     [31m    </div>[0m
     [31m  </body>[0m
     [36m# ./app/views/books/index.html.erb:49: syntax error, unexpected ':', expecting =>[0m
     [36m# ...form_with model: @book, local : true do |f| @output_buffer.s...[0m
     [36m# ...                              ^[0m
     [36m# ./app/views/books/index.html.erb:68: syntax error, unexpected end, expecting end-of-input[0m
     [36m#           end[0m
     [36m#           ^~~[0m
     [36m# ./app/views/books/index.html.erb:49: syntax error, unexpected ':', expecting =>[0m
     [36m# ...form_with model: @book, local : true do |f| @output_buffer.s...[0m
     [36m# ...                              ^[0m
     [36m# ./app/views/books/index.html.erb:68: syntax error, unexpected end, expecting end-of-input[0m
     [36m#           end[0m
     [36m#           ^~~[0m
     [36m# /home/ec2-user/.rvm/gems/ruby-2.6.3/gems/actiontext-6.1.4.7/lib/action_text/rendering.rb:20:in `with_renderer'[0m
     [36m# /home/ec2-user/.rvm/gems/ruby-2.6.3/gems/actiontext-6.1.4.7/lib/action_text/engine.rb:59:in `block (4 levels) in <class:Engine>'[0m
     [36m# /home/ec2-user/.rvm/gems/ruby-2.6.3/gems/rack-2.2.3/lib/rack/tempfile_reaper.rb:15:in `call'[0m
     [36m# /home/ec2-user/.rvm/gems/ruby-2.6.3/gems/rack-2.2.3/lib/rack/etag.rb:27:in `call'[0m
     [36m# /home/ec2-user/.rvm/gems/ruby-2.6.3/gems/rack-2.2.3/lib/rack/conditional_get.rb:27:in `call'[0m
     [36m# /home/ec2-user/.rvm/gems/ruby-2.6.3/gems/rack-2.2.3/lib/rack/head.rb:12:in `call'[0m
     [36m# /home/ec2-user/.rvm/gems/ruby-2.6.3/gems/rack-2.2.3/lib/rack/session/abstract/id.rb:266:in `context'[0m
     [36m# /home/ec2-user/.rvm/gems/ruby-2.6.3/gems/rack-2.2.3/lib/rack/session/abstract/id.rb:260:in `call'[0m
     [36m# /home/ec2-user/.rvm/gems/ruby-2.6.3/gems/railties-6.1.4.7/lib/rails/rack/logger.rb:37:in `call_app'[0m
     [36m# /home/ec2-user/.rvm/gems/ruby-2.6.3/gems/railties-6.1.4.7/lib/rails/rack/logger.rb:26:in `block in call'[0m
     [36m# /home/ec2-user/.rvm/gems/ruby-2.6.3/gems/railties-6.1.4.7/lib/rails/rack/logger.rb:26:in `call'[0m
     [36m# /home/ec2-user/.rvm/gems/ruby-2.6.3/gems/rack-2.2.3/lib/rack/method_override.rb:24:in `call'[0m
     [36m# /home/ec2-user/.rvm/gems/ruby-2.6.3/gems/rack-2.2.3/lib/rack/runtime.rb:22:in `call'[0m
     [36m# /home/ec2-user/.rvm/gems/ruby-2.6.3/gems/rack-2.2.3/lib/rack/sendfile.rb:110:in `call'[0m
     [36m# /home/ec2-user/.rvm/gems/ruby-2.6.3/gems/railties-6.1.4.7/lib/rails/engine.rb:539:in `call'[0m
     [36m# /home/ec2-user/.rvm/gems/ruby-2.6.3/gems/rack-2.2.3/lib/rack/urlmap.rb:74:in `block in call'[0m
     [36m# /home/ec2-user/.rvm/gems/ruby-2.6.3/gems/rack-2.2.3/lib/rack/urlmap.rb:58:in `each'[0m
     [36m# /home/ec2-user/.rvm/gems/ruby-2.6.3/gems/rack-2.2.3/lib/rack/urlmap.rb:58:in `call'[0m
     [36m# /home/ec2-user/.rvm/gems/ruby-2.6.3/gems/rack-2.2.3/lib/rack/builder.rb:244:in `call'[0m
     [36m# /home/ec2-user/.rvm/gems/ruby-2.6.3/gems/rack-test-1.1.0/lib/rack/mock_session.rb:29:in `request'[0m
     [36m# /home/ec2-user/.rvm/gems/ruby-2.6.3/gems/rack-test-1.1.0/lib/rack/test.rb:266:in `process_request'[0m
     [36m# /home/ec2-user/.rvm/gems/ruby-2.6.3/gems/rack-test-1.1.0/lib/rack/test.rb:129:in `custom_request'[0m
     [36m# /home/ec2-user/.rvm/gems/ruby-2.6.3/gems/rack-test-1.1.0/lib/rack/test.rb:58:in `get'[0m
     [36m# /home/ec2-user/.rvm/gems/ruby-2.6.3/gems/capybara-3.36.0/lib/capybara/rack_test/browser.rb:72:in `process'[0m
     [36m# /home/ec2-user/.rvm/gems/ruby-2.6.3/gems/capybara-3.36.0/lib/capybara/rack_test/browser.rb:47:in `process_and_follow_redirects'[0m
     [36m# /home/ec2-user/.rvm/gems/ruby-2.6.3/gems/capybara-3.36.0/lib/capybara/rack_test/browser.rb:24:in `visit'[0m
     [36m# /home/ec2-user/.rvm/gems/ruby-2.6.3/gems/capybara-3.36.0/lib/capybara/rack_test/driver.rb:46:in `visit'[0m
     [36m# /home/ec2-user/.rvm/gems/ruby-2.6.3/gems/capybara-3.36.0/lib/capybara/session.rb:278:in `visit'[0m
     [36m# /home/ec2-user/.rvm/gems/ruby-2.6.3/gems/capybara-3.36.0/lib/capybara/dsl.rb:58:in `block (2 levels) in <module:DSL>'[0m
     [36m# ./spec/system/books_spec.rb:20:in `block (3 levels) in <main>'[0m
     [36m# ------------------[0m
     [36m# --- Caused by: ---[0m
     [36m# SyntaxError:[0m
     [36m#   /home/ec2-user/environment/dwc_bookers/app/views/books/index.html.erb:49: syntax error, unexpected ':', expecting =>[0m
     [36m#   ...form_with model: @book, local : true do |f| @output_buffer.s...[0m
     [36m#   ...                              ^[0m
     [36m#   /home/ec2-user/environment/dwc_bookers/app/views/books/index.html.erb:68: syntax error, unexpected end, expecting end-of-input[0m
     [36m#             end[0m
     [36m#             ^~~[0m
     [36m#   ./app/views/books/index.html.erb:49: syntax error, unexpected ':', expecting =>[0m

  5) æŠ•ç¨¿ã®ãƒ†ã‚¹ãƒˆ ä¸€è¦§ç”»é¢ã®ãƒ†ã‚¹ãƒˆ ä¸€è¦§ã®è¡¨ç¤ºã¨ãƒªãƒ³ã‚¯ã®ç¢ºèª Create Bookãƒœã‚¿ãƒ³ãŒè¡¨ç¤ºã•ã‚Œã‚‹
     [31mFailure/Error: <%= form_with model: @book, local : true do |f| %>[0m
     [31m[0m
     [31mActionView::SyntaxErrorInTemplate:[0m
     [31m  Encountered a syntax error while rendering template: check [0m
     [31m  <body>[0m
     [31m[0m
     [31m    <div class="flash-notifications">[0m
     [31m      <% flash.each do |key, value| %>[0m
     [31m       <%= content_tag(:div, value, class: key) %>[0m
     [31m      <% end %>[0m
     [31m    </div>[0m
     [31m[0m
     [31m    <h1 class="header">Books</h1>[0m
     [31m    <!--æŠ•ç¨¿ä¸€è¦§-->[0m
     [31m    <table>[0m
     [31m      <thead>[0m
     [31m        <tr>[0m
     [31m          <th>Title</th>[0m
     [31m          <th>Body</th>[0m
     [31m          <th colspan="3"></th>[0m
     [31m        </tr>[0m
     [31m      </thead>[0m
     [31m[0m
     [31m      <tbody>[0m
     [31m        <!--ãƒ‡ãƒ¼ã‚¿ã‚’å–å¾—ã™ã‚‹æ§‹æ–‡-->[0m
     [31m        <% @books.each do |book| %>[0m
     [31m          <tr>[0m
     [31m            <td><%= book.title %></td>[0m
     [31m            <td><%= book.body %></td>[0m
     [31m            <td><%= link_to 'Show', book, method: :get %></td>[0m
     [31m            <td><%= link_to 'Edit', edit_book_path(book) %></td>[0m
     [31m            <!--viewã¯ä¸è¦-->[0m
     [31m            <td><%= link_to 'Destroy', book, method: :delete, data: {confirm: 'Are you sure?' } %></td>[0m
     [31m          </tr>[0m
     [31m          <% end %>[0m
     [31m      </tbody>[0m
     [31m    </table>[0m
     [31m[0m
     [31m    <!--æ–°è¦æŠ•ç¨¿-->[0m
     [31m    <h2>New book</h2>[0m
     [31m    <% if @book.errors.any? %>[0m
     [31m      <%= @book.errors.count %> errors prohibited this book from being saved:[0m
     [31m      <ul>[0m
     [31m        <% @book.errors.full_messages.each do |message| %>[0m
     [31m        <li><%= message %></li>[0m
     [31m      <% end %>[0m
     [31m      </ul>[0m
     [31m    <% end %>[0m
     [31m[0m
     [31m    <div class="form">[0m
     [31m    <!--form_withãƒ˜ãƒ«ãƒ‘ãƒ¼-->[0m
     [31m    <%= form_with model: @book, local : true do |f| %>[0m
     [31m      <div class="field">[0m
     [31m      <label for="book_title">Title</label>[0m
     [31m      <%= f.text_field :title %>[0m
     [31m      </div>[0m
     [31m[0m
     [31m      <div class="field">[0m
     [31m      <label for="book_body">Body</label>[0m
     [31m      <%= f.text_area :body %>[0m
     [31m      </div>[0m
     [31m[0m
     [31m      <div class="action">[0m
     [31m      <%= f.submit 'Create Book' %>[0m
     [31m      </div>[0m
     [31m    <% end %>[0m
     [31m    </div>[0m
     [31m  </body>[0m
     [36m# ./app/views/books/index.html.erb:49: syntax error, unexpected ':', expecting =>[0m
     [36m# ...form_with model: @book, local : true do |f| @output_buffer.s...[0m
     [36m# ...                              ^[0m
     [36m# ./app/views/books/index.html.erb:68: syntax error, unexpected end, expecting end-of-input[0m
     [36m#           end[0m
     [36m#           ^~~[0m
     [36m# ./app/views/books/index.html.erb:49: syntax error, unexpected ':', expecting =>[0m
     [36m# ...form_with model: @book, local : true do |f| @output_buffer.s...[0m
     [36m# ...                              ^[0m
     [36m# ./app/views/books/index.html.erb:68: syntax error, unexpected end, expecting end-of-input[0m
     [36m#           end[0m
     [36m#           ^~~[0m
     [36m# /home/ec2-user/.rvm/gems/ruby-2.6.3/gems/actiontext-6.1.4.7/lib/action_text/rendering.rb:20:in `with_renderer'[0m
     [36m# /home/ec2-user/.rvm/gems/ruby-2.6.3/gems/actiontext-6.1.4.7/lib/action_text/engine.rb:59:in `block (4 levels) in <class:Engine>'[0m
     [36m# /home/ec2-user/.rvm/gems/ruby-2.6.3/gems/rack-2.2.3/lib/rack/tempfile_reaper.rb:15:in `call'[0m
     [36m# /home/ec2-user/.rvm/gems/ruby-2.6.3/gems/rack-2.2.3/lib/rack/etag.rb:27:in `call'[0m
     [36m# /home/ec2-user/.rvm/gems/ruby-2.6.3/gems/rack-2.2.3/lib/rack/conditional_get.rb:27:in `call'[0m
     [36m# /home/ec2-user/.rvm/gems/ruby-2.6.3/gems/rack-2.2.3/lib/rack/head.rb:12:in `call'[0m
     [36m# /home/ec2-user/.rvm/gems/ruby-2.6.3/gems/rack-2.2.3/lib/rack/session/abstract/id.rb:266:in `context'[0m
     [36m# /home/ec2-user/.rvm/gems/ruby-2.6.3/gems/rack-2.2.3/lib/rack/session/abstract/id.rb:260:in `call'[0m
     [36m# /home/ec2-user/.rvm/gems/ruby-2.6.3/gems/railties-6.1.4.7/lib/rails/rack/logger.rb:37:in `call_app'[0m
     [36m# /home/ec2-user/.rvm/gems/ruby-2.6.3/gems/railties-6.1.4.7/lib/rails/rack/logger.rb:26:in `block in call'[0m
     [36m# /home/ec2-user/.rvm/gems/ruby-2.6.3/gems/railties-6.1.4.7/lib/rails/rack/logger.rb:26:in `call'[0m
     [36m# /home/ec2-user/.rvm/gems/ruby-2.6.3/gems/rack-2.2.3/lib/rack/method_override.rb:24:in `call'[0m
     [36m# /home/ec2-user/.rvm/gems/ruby-2.6.3/gems/rack-2.2.3/lib/rack/runtime.rb:22:in `call'[0m
     [36m# /home/ec2-user/.rvm/gems/ruby-2.6.3/gems/rack-2.2.3/lib/rack/sendfile.rb:110:in `call'[0m
     [36m# /home/ec2-user/.rvm/gems/ruby-2.6.3/gems/railties-6.1.4.7/lib/rails/engine.rb:539:in `call'[0m
     [36m# /home/ec2-user/.rvm/gems/ruby-2.6.3/gems/rack-2.2.3/lib/rack/urlmap.rb:74:in `block in call'[0m
     [36m# /home/ec2-user/.rvm/gems/ruby-2.6.3/gems/rack-2.2.3/lib/rack/urlmap.rb:58:in `each'[0m
     [36m# /home/ec2-user/.rvm/gems/ruby-2.6.3/gems/rack-2.2.3/lib/rack/urlmap.rb:58:in `call'[0m
     [36m# /home/ec2-user/.rvm/gems/ruby-2.6.3/gems/rack-2.2.3/lib/rack/builder.rb:244:in `call'[0m
     [36m# /home/ec2-user/.rvm/gems/ruby-2.6.3/gems/rack-test-1.1.0/lib/rack/mock_session.rb:29:in `request'[0m
     [36m# /home/ec2-user/.rvm/gems/ruby-2.6.3/gems/rack-test-1.1.0/lib/rack/test.rb:266:in `process_request'[0m
     [36m# /home/ec2-user/.rvm/gems/ruby-2.6.3/gems/rack-test-1.1.0/lib/rack/test.rb:129:in `custom_request'[0m
     [36m# /home/ec2-user/.rvm/gems/ruby-2.6.3/gems/rack-test-1.1.0/lib/rack/test.rb:58:in `get'[0m
     [36m# /home/ec2-user/.rvm/gems/ruby-2.6.3/gems/capybara-3.36.0/lib/capybara/rack_test/browser.rb:72:in `process'[0m
     [36m# /home/ec2-user/.rvm/gems/ruby-2.6.3/gems/capybara-3.36.0/lib/capybara/rack_test/browser.rb:47:in `process_and_follow_redirects'[0m
     [36m# /home/ec2-user/.rvm/gems/ruby-2.6.3/gems/capybara-3.36.0/lib/capybara/rack_test/browser.rb:24:in `visit'[0m
     [36m# /home/ec2-user/.rvm/gems/ruby-2.6.3/gems/capybara-3.36.0/lib/capybara/rack_test/driver.rb:46:in `visit'[0m
     [36m# /home/ec2-user/.rvm/gems/ruby-2.6.3/gems/capybara-3.36.0/lib/capybara/session.rb:278:in `visit'[0m
     [36m# /home/ec2-user/.rvm/gems/ruby-2.6.3/gems/capybara-3.36.0/lib/capybara/dsl.rb:58:in `block (2 levels) in <module:DSL>'[0m
     [36m# ./spec/system/books_spec.rb:20:in `block (3 levels) in <main>'[0m
     [36m# ------------------[0m
     [36m# --- Caused by: ---[0m
     [36m# SyntaxError:[0m
     [36m#   /home/ec2-user/environment/dwc_bookers/app/views/books/index.html.erb:49: syntax error, unexpected ':', expecting =>[0m
     [36m#   ...form_with model: @book, local : true do |f| @output_buffer.s...[0m
     [36m#   ...                              ^[0m
     [36m#   /home/ec2-user/environment/dwc_bookers/app/views/books/index.html.erb:68: syntax error, unexpected end, expecting end-of-input[0m
     [36m#             end[0m
     [36m#             ^~~[0m
     [36m#   ./app/views/books/index.html.erb:49: syntax error, unexpected ':', expecting =>[0m

  6) æŠ•ç¨¿ã®ãƒ†ã‚¹ãƒˆ ä¸€è¦§ç”»é¢ã®ãƒ†ã‚¹ãƒˆ æŠ•ç¨¿å‡¦ç†ã«é–¢ã™ã‚‹ãƒ†ã‚¹ãƒˆ æŠ•ç¨¿ã«æˆåŠŸã—ã‚µã‚¯ã‚»ã‚¹ãƒ¡ãƒƒã‚»ãƒ¼ã‚¸ãŒè¡¨ç¤ºã•ã‚Œã‚‹ã‹
     [31mFailure/Error: <%= form_with model: @book, local : true do |f| %>[0m
     [31m[0m
     [31mActionView::SyntaxErrorInTemplate:[0m
     [31m  Encountered a syntax error while rendering template: check [0m
     [31m  <body>[0m
     [31m[0m
     [31m    <div class="flash-notifications">[0m
     [31m      <% flash.each do |key, value| %>[0m
     [31m       <%= content_tag(:div, value, class: key) %>[0m
     [31m      <% end %>[0m
     [31m    </div>[0m
     [31m[0m
     [31m    <h1 class="header">Books</h1>[0m
     [31m    <!--æŠ•ç¨¿ä¸€è¦§-->[0m
     [31m    <table>[0m
     [31m      <thead>[0m
     [31m        <tr>[0m
     [31m          <th>Title</th>[0m
     [31m          <th>Body</th>[0m
     [31m          <th colspan="3"></th>[0m
     [31m        </tr>[0m
     [31m      </thead>[0m
     [31m[0m
     [31m      <tbody>[0m
     [31m        <!--ãƒ‡ãƒ¼ã‚¿ã‚’å–å¾—ã™ã‚‹æ§‹æ–‡-->[0m
     [31m        <% @books.each do |book| %>[0m
     [31m          <tr>[0m
     [31m            <td><%= book.title %></td>[0m
     [31m            <td><%= book.body %></td>[0m
     [31m            <td><%= link_to 'Show', book, method: :get %></td>[0m
     [31m            <td><%= link_to 'Edit', edit_book_path(book) %></td>[0m
     [31m            <!--viewã¯ä¸è¦-->[0m
     [31m            <td><%= link_to 'Destroy', book, method: :delete, data: {confirm: 'Are you sure?' } %></td>[0m
     [31m          </tr>[0m
     [31m          <% end %>[0m
     [31m      </tbody>[0m
     [31m    </table>[0m
     [31m[0m
     [31m    <!--æ–°è¦æŠ•ç¨¿-->[0m
     [31m    <h2>New book</h2>[0m
     [31m    <% if @book.errors.any? %>[0m
     [31m      <%= @book.errors.count %> errors prohibited this book from being saved:[0m
     [31m      <ul>[0m
     [31m        <% @book.errors.full_messages.each do |message| %>[0m
     [31m        <li><%= message %></li>[0m
     [31m      <% end %>[0m
     [31m      </ul>[0m
     [31m    <% end %>[0m
     [31m[0m
     [31m    <div class="form">[0m
     [31m    <!--form_withãƒ˜ãƒ«ãƒ‘ãƒ¼-->[0m
     [31m    <%= form_with model: @book, local : true do |f| %>[0m
     [31m      <div class="field">[0m
     [31m      <label for="book_title">Title</label>[0m
     [31m      <%= f.text_field :title %>[0m
     [31m      </div>[0m
     [31m[0m
     [31m      <div class="field">[0m
     [31m      <label for="book_body">Body</label>[0m
     [31m      <%= f.text_area :body %>[0m
     [31m      </div>[0m
     [31m[0m
     [31m      <div class="action">[0m
     [31m      <%= f.submit 'Create Book' %>[0m
     [31m      </div>[0m
     [31m    <% end %>[0m
     [31m    </div>[0m
     [31m  </body>[0m
     [36m# ./app/views/books/index.html.erb:49: syntax error, unexpected ':', expecting =>[0m
     [36m# ...form_with model: @book, local : true do |f| @output_buffer.s...[0m
     [36m# ...                              ^[0m
     [36m# ./app/views/books/index.html.erb:68: syntax error, unexpected end, expecting end-of-input[0m
     [36m#           end[0m
     [36m#           ^~~[0m
     [36m# ./app/views/books/index.html.erb:49: syntax error, unexpected ':', expecting =>[0m
     [36m# ...form_with model: @book, local : true do |f| @output_buffer.s...[0m
     [36m# ...                              ^[0m
     [36m# ./app/views/books/index.html.erb:68: syntax error, unexpected end, expecting end-of-input[0m
     [36m#           end[0m
     [36m#           ^~~[0m
     [36m# /home/ec2-user/.rvm/gems/ruby-2.6.3/gems/actiontext-6.1.4.7/lib/action_text/rendering.rb:20:in `with_renderer'[0m
     [36m# /home/ec2-user/.rvm/gems/ruby-2.6.3/gems/actiontext-6.1.4.7/lib/action_text/engine.rb:59:in `block (4 levels) in <class:Engine>'[0m
     [36m# /home/ec2-user/.rvm/gems/ruby-2.6.3/gems/rack-2.2.3/lib/rack/tempfile_reaper.rb:15:in `call'[0m
     [36m# /home/ec2-user/.rvm/gems/ruby-2.6.3/gems/rack-2.2.3/lib/rack/etag.rb:27:in `call'[0m
     [36m# /home/ec2-user/.rvm/gems/ruby-2.6.3/gems/rack-2.2.3/lib/rack/conditional_get.rb:27:in `call'[0m
     [36m# /home/ec2-user/.rvm/gems/ruby-2.6.3/gems/rack-2.2.3/lib/rack/head.rb:12:in `call'[0m
     [36m# /home/ec2-user/.rvm/gems/ruby-2.6.3/gems/rack-2.2.3/lib/rack/session/abstract/id.rb:266:in `context'[0m
     [36m# /home/ec2-user/.rvm/gems/ruby-2.6.3/gems/rack-2.2.3/lib/rack/session/abstract/id.rb:260:in `call'[0m
     [36m# /home/ec2-user/.rvm/gems/ruby-2.6.3/gems/railties-6.1.4.7/lib/rails/rack/logger.rb:37:in `call_app'[0m
     [36m# /home/ec2-user/.rvm/gems/ruby-2.6.3/gems/railties-6.1.4.7/lib/rails/rack/logger.rb:26:in `block in call'[0m
     [36m# /home/ec2-user/.rvm/gems/ruby-2.6.3/gems/railties-6.1.4.7/lib/rails/rack/logger.rb:26:in `call'[0m
     [36m# /home/ec2-user/.rvm/gems/ruby-2.6.3/gems/rack-2.2.3/lib/rack/method_override.rb:24:in `call'[0m
     [36m# /home/ec2-user/.rvm/gems/ruby-2.6.3/gems/rack-2.2.3/lib/rack/runtime.rb:22:in `call'[0m
     [36m# /home/ec2-user/.rvm/gems/ruby-2.6.3/gems/rack-2.2.3/lib/rack/sendfile.rb:110:in `call'[0m
     [36m# /home/ec2-user/.rvm/gems/ruby-2.6.3/gems/railties-6.1.4.7/lib/rails/engine.rb:539:in `call'[0m
     [36m# /home/ec2-user/.rvm/gems/ruby-2.6.3/gems/rack-2.2.3/lib/rack/urlmap.rb:74:in `block in call'[0m
     [36m# /home/ec2-user/.rvm/gems/ruby-2.6.3/gems/rack-2.2.3/lib/rack/urlmap.rb:58:in `each'[0m
     [36m# /home/ec2-user/.rvm/gems/ruby-2.6.3/gems/rack-2.2.3/lib/rack/urlmap.rb:58:in `call'[0m
     [36m# /home/ec2-user/.rvm/gems/ruby-2.6.3/gems/rack-2.2.3/lib/rack/builder.rb:244:in `call'[0m
     [36m# /home/ec2-user/.rvm/gems/ruby-2.6.3/gems/rack-test-1.1.0/lib/rack/mock_session.rb:29:in `request'[0m
     [36m# /home/ec2-user/.rvm/gems/ruby-2.6.3/gems/rack-test-1.1.0/lib/rack/test.rb:266:in `process_request'[0m
     [36m# /home/ec2-user/.rvm/gems/ruby-2.6.3/gems/rack-test-1.1.0/lib/rack/test.rb:129:in `custom_request'[0m
     [36m# /home/ec2-user/.rvm/gems/ruby-2.6.3/gems/rack-test-1.1.0/lib/rack/test.rb:58:in `get'[0m
     [36m# /home/ec2-user/.rvm/gems/ruby-2.6.3/gems/capybara-3.36.0/lib/capybara/rack_test/browser.rb:72:in `process'[0m
     [36m# /home/ec2-user/.rvm/gems/ruby-2.6.3/gems/capybara-3.36.0/lib/capybara/rack_test/browser.rb:47:in `process_and_follow_redirects'[0m
     [36m# /home/ec2-user/.rvm/gems/ruby-2.6.3/gems/capybara-3.36.0/lib/capybara/rack_test/browser.rb:24:in `visit'[0m
     [36m# /home/ec2-user/.rvm/gems/ruby-2.6.3/gems/capybara-3.36.0/lib/capybara/rack_test/driver.rb:46:in `visit'[0m
     [36m# /home/ec2-user/.rvm/gems/ruby-2.6.3/gems/capybara-3.36.0/lib/capybara/session.rb:278:in `visit'[0m
     [36m# /home/ec2-user/.rvm/gems/ruby-2.6.3/gems/capybara-3.36.0/lib/capybara/dsl.rb:58:in `block (2 levels) in <module:DSL>'[0m
     [36m# ./spec/system/books_spec.rb:20:in `block (3 levels) in <main>'[0m
     [36m# ------------------[0m
     [36m# --- Caused by: ---[0m
     [36m# SyntaxError:[0m
     [36m#   /home/ec2-user/environment/dwc_bookers/app/views/books/index.html.erb:49: syntax error, unexpected ':', expecting =>[0m
     [36m#   ...form_with model: @book, local : true do |f| @output_buffer.s...[0m
     [36m#   ...                              ^[0m
     [36m#   /home/ec2-user/environment/dwc_bookers/app/views/books/index.html.erb:68: syntax error, unexpected end, expecting end-of-input[0m
     [36m#             end[0m
     [36m#             ^~~[0m
     [36m#   ./app/views/books/index.html.erb:49: syntax error, unexpected ':', expecting =>[0m

  7) æŠ•ç¨¿ã®ãƒ†ã‚¹ãƒˆ ä¸€è¦§ç”»é¢ã®ãƒ†ã‚¹ãƒˆ æŠ•ç¨¿å‡¦ç†ã«é–¢ã™ã‚‹ãƒ†ã‚¹ãƒˆ æŠ•ç¨¿ã«å¤±æ•—ã™ã‚‹
     [31mFailure/Error: <%= form_with model: @book, local : true do |f| %>[0m
     [31m[0m
     [31mActionView::SyntaxErrorInTemplate:[0m
     [31m  Encountered a syntax error while rendering template: check [0m
     [31m  <body>[0m
     [31m[0m
     [31m    <div class="flash-notifications">[0m
     [31m      <% flash.each do |key, value| %>[0m
     [31m       <%= content_tag(:div, value, class: key) %>[0m
     [31m      <% end %>[0m
     [31m    </div>[0m
     [31m[0m
     [31m    <h1 class="header">Books</h1>[0m
     [31m    <!--æŠ•ç¨¿ä¸€è¦§-->[0m
     [31m    <table>[0m
     [31m      <thead>[0m
     [31m        <tr>[0m
     [31m          <th>Title</th>[0m
     [31m          <th>Body</th>[0m
     [31m          <th colspan="3"></th>[0m
     [31m        </tr>[0m
     [31m      </thead>[0m
     [31m[0m
     [31m      <tbody>[0m
     [31m        <!--ãƒ‡ãƒ¼ã‚¿ã‚’å–å¾—ã™ã‚‹æ§‹æ–‡-->[0m
     [31m        <% @books.each do |book| %>[0m
     [31m          <tr>[0m
     [31m            <td><%= book.title %></td>[0m
     [31m            <td><%= book.body %></td>[0m
     [31m            <td><%= link_to 'Show', book, method: :get %></td>[0m
     [31m            <td><%= link_to 'Edit', edit_book_path(book) %></td>[0m
     [31m            <!--viewã¯ä¸è¦-->[0m
     [31m            <td><%= link_to 'Destroy', book, method: :delete, data: {confirm: 'Are you sure?' } %></td>[0m
     [31m          </tr>[0m
     [31m          <% end %>[0m
     [31m      </tbody>[0m
     [31m    </table>[0m
     [31m[0m
     [31m    <!--æ–°è¦æŠ•ç¨¿-->[0m
     [31m    <h2>New book</h2>[0m
     [31m    <% if @book.errors.any? %>[0m
     [31m      <%= @book.errors.count %> errors prohibited this book from being saved:[0m
     [31m      <ul>[0m
     [31m        <% @book.errors.full_messages.each do |message| %>[0m
     [31m        <li><%= message %></li>[0m
     [31m      <% end %>[0m
     [31m      </ul>[0m
     [31m    <% end %>[0m
     [31m[0m
     [31m    <div class="form">[0m
     [31m    <!--form_withãƒ˜ãƒ«ãƒ‘ãƒ¼-->[0m
     [31m    <%= form_with model: @book, local : true do |f| %>[0m
     [31m      <div class="field">[0m
     [31m      <label for="book_title">Title</label>[0m
     [31m      <%= f.text_field :title %>[0m
     [31m      </div>[0m
     [31m[0m
     [31m      <div class="field">[0m
     [31m      <label for="book_body">Body</label>[0m
     [31m      <%= f.text_area :body %>[0m
     [31m      </div>[0m
     [31m[0m
     [31m      <div class="action">[0m
     [31m      <%= f.submit 'Create Book' %>[0m
     [31m      </div>[0m
     [31m    <% end %>[0m
     [31m    </div>[0m
     [31m  </body>[0m
     [36m# ./app/views/books/index.html.erb:49: syntax error, unexpected ':', expecting =>[0m
     [36m# ...form_with model: @book, local : true do |f| @output_buffer.s...[0m
     [36m# ...                              ^[0m
     [36m# ./app/views/books/index.html.erb:68: syntax error, unexpected end, expecting end-of-input[0m
     [36m#           end[0m
     [36m#           ^~~[0m
     [36m# ./app/views/books/index.html.erb:49: syntax error, unexpected ':', expecting =>[0m
     [36m# ...form_with model: @book, local : true do |f| @output_buffer.s...[0m
     [36m# ...                              ^[0m
     [36m# ./app/views/books/index.html.erb:68: syntax error, unexpected end, expecting end-of-input[0m
     [36m#           end[0m
     [36m#           ^~~[0m
     [36m# /home/ec2-user/.rvm/gems/ruby-2.6.3/gems/actiontext-6.1.4.7/lib/action_text/rendering.rb:20:in `with_renderer'[0m
     [36m# /home/ec2-user/.rvm/gems/ruby-2.6.3/gems/actiontext-6.1.4.7/lib/action_text/engine.rb:59:in `block (4 levels) in <class:Engine>'[0m
     [36m# /home/ec2-user/.rvm/gems/ruby-2.6.3/gems/rack-2.2.3/lib/rack/tempfile_reaper.rb:15:in `call'[0m
     [36m# /home/ec2-user/.rvm/gems/ruby-2.6.3/gems/rack-2.2.3/lib/rack/etag.rb:27:in `call'[0m
     [36m# /home/ec2-user/.rvm/gems/ruby-2.6.3/gems/rack-2.2.3/lib/rack/conditional_get.rb:27:in `call'[0m
     [36m# /home/ec2-user/.rvm/gems/ruby-2.6.3/gems/rack-2.2.3/lib/rack/head.rb:12:in `call'[0m
     [36m# /home/ec2-user/.rvm/gems/ruby-2.6.3/gems/rack-2.2.3/lib/rack/session/abstract/id.rb:266:in `context'[0m
     [36m# /home/ec2-user/.rvm/gems/ruby-2.6.3/gems/rack-2.2.3/lib/rack/session/abstract/id.rb:260:in `call'[0m
     [36m# /home/ec2-user/.rvm/gems/ruby-2.6.3/gems/railties-6.1.4.7/lib/rails/rack/logger.rb:37:in `call_app'[0m
     [36m# /home/ec2-user/.rvm/gems/ruby-2.6.3/gems/railties-6.1.4.7/lib/rails/rack/logger.rb:26:in `block in call'[0m
     [36m# /home/ec2-user/.rvm/gems/ruby-2.6.3/gems/railties-6.1.4.7/lib/rails/rack/logger.rb:26:in `call'[0m
     [36m# /home/ec2-user/.rvm/gems/ruby-2.6.3/gems/rack-2.2.3/lib/rack/method_override.rb:24:in `call'[0m
     [36m# /home/ec2-user/.rvm/gems/ruby-2.6.3/gems/rack-2.2.3/lib/rack/runtime.rb:22:in `call'[0m
     [36m# /home/ec2-user/.rvm/gems/ruby-2.6.3/gems/rack-2.2.3/lib/rack/sendfile.rb:110:in `call'[0m
     [36m# /home/ec2-user/.rvm/gems/ruby-2.6.3/gems/railties-6.1.4.7/lib/rails/engine.rb:539:in `call'[0m
     [36m# /home/ec2-user/.rvm/gems/ruby-2.6.3/gems/rack-2.2.3/lib/rack/urlmap.rb:74:in `block in call'[0m
     [36m# /home/ec2-user/.rvm/gems/ruby-2.6.3/gems/rack-2.2.3/lib/rack/urlmap.rb:58:in `each'[0m
     [36m# /home/ec2-user/.rvm/gems/ruby-2.6.3/gems/rack-2.2.3/lib/rack/urlmap.rb:58:in `call'[0m
     [36m# /home/ec2-user/.rvm/gems/ruby-2.6.3/gems/rack-2.2.3/lib/rack/builder.rb:244:in `call'[0m
     [36m# /home/ec2-user/.rvm/gems/ruby-2.6.3/gems/rack-test-1.1.0/lib/rack/mock_session.rb:29:in `request'[0m
     [36m# /home/ec2-user/.rvm/gems/ruby-2.6.3/gems/rack-test-1.1.0/lib/rack/test.rb:266:in `process_request'[0m
     [36m# /home/ec2-user/.rvm/gems/ruby-2.6.3/gems/rack-test-1.1.0/lib/rack/test.rb:129:in `custom_request'[0m
     [36m# /home/ec2-user/.rvm/gems/ruby-2.6.3/gems/rack-test-1.1.0/lib/rack/test.rb:58:in `get'[0m
     [36m# /home/ec2-user/.rvm/gems/ruby-2.6.3/gems/capybara-3.36.0/lib/capybara/rack_test/browser.rb:72:in `process'[0m
     [36m# /home/ec2-user/.rvm/gems/ruby-2.6.3/gems/capybara-3.36.0/lib/capybara/rack_test/browser.rb:47:in `process_and_follow_redirects'[0m
     [36m# /home/ec2-user/.rvm/gems/ruby-2.6.3/gems/capybara-3.36.0/lib/capybara/rack_test/browser.rb:24:in `visit'[0m
     [36m# /home/ec2-user/.rvm/gems/ruby-2.6.3/gems/capybara-3.36.0/lib/capybara/rack_test/driver.rb:46:in `visit'[0m
     [36m# /home/ec2-user/.rvm/gems/ruby-2.6.3/gems/capybara-3.36.0/lib/capybara/session.rb:278:in `visit'[0m
     [36m# /home/ec2-user/.rvm/gems/ruby-2.6.3/gems/capybara-3.36.0/lib/capybara/dsl.rb:58:in `block (2 levels) in <module:DSL>'[0m
     [36m# ./spec/system/books_spec.rb:20:in `block (3 levels) in <main>'[0m
     [36m# ------------------[0m
     [36m# --- Caused by: ---[0m
     [36m# SyntaxError:[0m
     [36m#   /home/ec2-user/environment/dwc_bookers/app/views/books/index.html.erb:49: syntax error, unexpected ':', expecting =>[0m
     [36m#   ...form_with model: @book, local : true do |f| @output_buffer.s...[0m
     [36m#   ...                              ^[0m
     [36m#   /home/ec2-user/environment/dwc_bookers/app/views/books/index.html.erb:68: syntax error, unexpected end, expecting end-of-input[0m
     [36m#             end[0m
     [36m#             ^~~[0m
     [36m#   ./app/views/books/index.html.erb:49: syntax error, unexpected ':', expecting =>[0m

  8) æŠ•ç¨¿ã®ãƒ†ã‚¹ãƒˆ ä¸€è¦§ç”»é¢ã®ãƒ†ã‚¹ãƒˆ æŠ•ç¨¿å‡¦ç†ã«é–¢ã™ã‚‹ãƒ†ã‚¹ãƒˆ æŠ•ç¨¿å¾Œã®ãƒªãƒ€ã‚¤ãƒ¬ã‚¯ãƒˆå…ˆã¯æ­£ã—ã„ã‹
     [31mFailure/Error: <%= form_with model: @book, local : true do |f| %>[0m
     [31m[0m
     [31mActionView::SyntaxErrorInTemplate:[0m
     [31m  Encountered a syntax error while rendering template: check [0m
     [31m  <body>[0m
     [31m[0m
     [31m    <div class="flash-notifications">[0m
     [31m      <% flash.each do |key, value| %>[0m
     [31m       <%= content_tag(:div, value, class: key) %>[0m
     [31m      <% end %>[0m
     [31m    </div>[0m
     [31m[0m
     [31m    <h1 class="header">Books</h1>[0m
     [31m    <!--æŠ•ç¨¿ä¸€è¦§-->[0m
     [31m    <table>[0m
     [31m      <thead>[0m
     [31m        <tr>[0m
     [31m          <th>Title</th>[0m
     [31m          <th>Body</th>[0m
     [31m          <th colspan="3"></th>[0m
     [31m        </tr>[0m
     [31m      </thead>[0m
     [31m[0m
     [31m      <tbody>[0m
     [31m        <!--ãƒ‡ãƒ¼ã‚¿ã‚’å–å¾—ã™ã‚‹æ§‹æ–‡-->[0m
     [31m        <% @books.each do |book| %>[0m
     [31m          <tr>[0m
     [31m            <td><%= book.title %></td>[0m
     [31m            <td><%= book.body %></td>[0m
     [31m            <td><%= link_to 'Show', book, method: :get %></td>[0m
     [31m            <td><%= link_to 'Edit', edit_book_path(book) %></td>[0m
     [31m            <!--viewã¯ä¸è¦-->[0m
     [31m            <td><%= link_to 'Destroy', book, method: :delete, data: {confirm: 'Are you sure?' } %></td>[0m
     [31m          </tr>[0m
     [31m          <% end %>[0m
     [31m      </tbody>[0m
     [31m    </table>[0m
     [31m[0m
     [31m    <!--æ–°è¦æŠ•ç¨¿-->[0m
     [31m    <h2>New book</h2>[0m
     [31m    <% if @book.errors.any? %>[0m
     [31m      <%= @book.errors.count %> errors prohibited this book from being saved:[0m
     [31m      <ul>[0m
     [31m        <% @book.errors.full_messages.each do |message| %>[0m
     [31m        <li><%= message %></li>[0m
     [31m      <% end %>[0m
     [31m      </ul>[0m
     [31m    <% end %>[0m
     [31m[0m
     [31m    <div class="form">[0m
     [31m    <!--form_withãƒ˜ãƒ«ãƒ‘ãƒ¼-->[0m
     [31m    <%= form_with model: @book, local : true do |f| %>[0m
     [31m      <div class="field">[0m
     [31m      <label for="book_title">Title</label>[0m
     [31m      <%= f.text_field :title %>[0m
     [31m      </div>[0m
     [31m[0m
     [31m      <div class="field">[0m
     [31m      <label for="book_body">Body</label>[0m
     [31m      <%= f.text_area :body %>[0m
     [31m      </div>[0m
     [31m[0m
     [31m      <div class="action">[0m
     [31m      <%= f.submit 'Create Book' %>[0m
     [31m      </div>[0m
     [31m    <% end %>[0m
     [31m    </div>[0m
     [31m  </body>[0m
     [36m# ./app/views/books/index.html.erb:49: syntax error, unexpected ':', expecting =>[0m
     [36m# ...form_with model: @book, local : true do |f| @output_buffer.s...[0m
     [36m# ...                              ^[0m
     [36m# ./app/views/books/index.html.erb:68: syntax error, unexpected end, expecting end-of-input[0m
     [36m#           end[0m
     [36m#           ^~~[0m
     [36m# ./app/views/books/index.html.erb:49: syntax error, unexpected ':', expecting =>[0m
     [36m# ...form_with model: @book, local : true do |f| @output_buffer.s...[0m
     [36m# ...                              ^[0m
     [36m# ./app/views/books/index.html.erb:68: syntax error, unexpected end, expecting end-of-input[0m
     [36m#           end[0m
     [36m#           ^~~[0m
     [36m# /home/ec2-user/.rvm/gems/ruby-2.6.3/gems/actiontext-6.1.4.7/lib/action_text/rendering.rb:20:in `with_renderer'[0m
     [36m# /home/ec2-user/.rvm/gems/ruby-2.6.3/gems/actiontext-6.1.4.7/lib/action_text/engine.rb:59:in `block (4 levels) in <class:Engine>'[0m
     [36m# /home/ec2-user/.rvm/gems/ruby-2.6.3/gems/rack-2.2.3/lib/rack/tempfile_reaper.rb:15:in `call'[0m
     [36m# /home/ec2-user/.rvm/gems/ruby-2.6.3/gems/rack-2.2.3/lib/rack/etag.rb:27:in `call'[0m
     [36m# /home/ec2-user/.rvm/gems/ruby-2.6.3/gems/rack-2.2.3/lib/rack/conditional_get.rb:27:in `call'[0m
     [36m# /home/ec2-user/.rvm/gems/ruby-2.6.3/gems/rack-2.2.3/lib/rack/head.rb:12:in `call'[0m
     [36m# /home/ec2-user/.rvm/gems/ruby-2.6.3/gems/rack-2.2.3/lib/rack/session/abstract/id.rb:266:in `context'[0m
     [36m# /home/ec2-user/.rvm/gems/ruby-2.6.3/gems/rack-2.2.3/lib/rack/session/abstract/id.rb:260:in `call'[0m
     [36m# /home/ec2-user/.rvm/gems/ruby-2.6.3/gems/railties-6.1.4.7/lib/rails/rack/logger.rb:37:in `call_app'[0m
     [36m# /home/ec2-user/.rvm/gems/ruby-2.6.3/gems/railties-6.1.4.7/lib/rails/rack/logger.rb:26:in `block in call'[0m
     [36m# /home/ec2-user/.rvm/gems/ruby-2.6.3/gems/railties-6.1.4.7/lib/rails/rack/logger.rb:26:in `call'[0m
     [36m# /home/ec2-user/.rvm/gems/ruby-2.6.3/gems/rack-2.2.3/lib/rack/method_override.rb:24:in `call'[0m
     [36m# /home/ec2-user/.rvm/gems/ruby-2.6.3/gems/rack-2.2.3/lib/rack/runtime.rb:22:in `call'[0m
     [36m# /home/ec2-user/.rvm/gems/ruby-2.6.3/gems/rack-2.2.3/lib/rack/sendfile.rb:110:in `call'[0m
     [36m# /home/ec2-user/.rvm/gems/ruby-2.6.3/gems/railties-6.1.4.7/lib/rails/engine.rb:539:in `call'[0m
     [36m# /home/ec2-user/.rvm/gems/ruby-2.6.3/gems/rack-2.2.3/lib/rack/urlmap.rb:74:in `block in call'[0m
     [36m# /home/ec2-user/.rvm/gems/ruby-2.6.3/gems/rack-2.2.3/lib/rack/urlmap.rb:58:in `each'[0m
     [36m# /home/ec2-user/.rvm/gems/ruby-2.6.3/gems/rack-2.2.3/lib/rack/urlmap.rb:58:in `call'[0m
     [36m# /home/ec2-user/.rvm/gems/ruby-2.6.3/gems/rack-2.2.3/lib/rack/builder.rb:244:in `call'[0m
     [36m# /home/ec2-user/.rvm/gems/ruby-2.6.3/gems/rack-test-1.1.0/lib/rack/mock_session.rb:29:in `request'[0m
     [36m# /home/ec2-user/.rvm/gems/ruby-2.6.3/gems/rack-test-1.1.0/lib/rack/test.rb:266:in `process_request'[0m
     [36m# /home/ec2-user/.rvm/gems/ruby-2.6.3/gems/rack-test-1.1.0/lib/rack/test.rb:129:in `custom_request'[0m
     [36m# /home/ec2-user/.rvm/gems/ruby-2.6.3/gems/rack-test-1.1.0/lib/rack/test.rb:58:in `get'[0m
     [36m# /home/ec2-user/.rvm/gems/ruby-2.6.3/gems/capybara-3.36.0/lib/capybara/rack_test/browser.rb:72:in `process'[0m
     [36m# /home/ec2-user/.rvm/gems/ruby-2.6.3/gems/capybara-3.36.0/lib/capybara/rack_test/browser.rb:47:in `process_and_follow_redirects'[0m
     [36m# /home/ec2-user/.rvm/gems/ruby-2.6.3/gems/capybara-3.36.0/lib/capybara/rack_test/browser.rb:24:in `visit'[0m
     [36m# /home/ec2-user/.rvm/gems/ruby-2.6.3/gems/capybara-3.36.0/lib/capybara/rack_test/driver.rb:46:in `visit'[0m
     [36m# /home/ec2-user/.rvm/gems/ruby-2.6.3/gems/capybara-3.36.0/lib/capybara/session.rb:278:in `visit'[0m
     [36m# /home/ec2-user/.rvm/gems/ruby-2.6.3/gems/capybara-3.36.0/lib/capybara/dsl.rb:58:in `block (2 levels) in <module:DSL>'[0m
     [36m# ./spec/system/books_spec.rb:20:in `block (3 levels) in <main>'[0m
     [36m# ------------------[0m
     [36m# --- Caused by: ---[0m
     [36m# SyntaxError:[0m
     [36m#   /home/ec2-user/environment/dwc_bookers/app/views/books/index.html.erb:49: syntax error, unexpected ':', expecting =>[0m
     [36m#   ...form_with model: @book, local : true do |f| @output_buffer.s...[0m
     [36m#   ...                              ^[0m
     [36m#   /home/ec2-user/environment/dwc_bookers/app/views/books/index.html.erb:68: syntax error, unexpected end, expecting end-of-input[0m
     [36m#             end[0m
     [36m#             ^~~[0m
     [36m#   ./app/views/books/index.html.erb:49: syntax error, unexpected ':', expecting =>[0m

  9) æŠ•ç¨¿ã®ãƒ†ã‚¹ãƒˆ ä¸€è¦§ç”»é¢ã®ãƒ†ã‚¹ãƒˆ bookå‰Šé™¤ã®ãƒ†ã‚¹ãƒˆ application.html.erbã«javascript_pack_tagã‚’å«ã‚“ã§ã„ã‚‹ã‹
     [31mFailure/Error: <%= form_with model: @book, local : true do |f| %>[0m
     [31m[0m
     [31mActionView::SyntaxErrorInTemplate:[0m
     [31m  Encountered a syntax error while rendering template: check [0m
     [31m  <body>[0m
     [31m[0m
     [31m    <div class="flash-notifications">[0m
     [31m      <% flash.each do |key, value| %>[0m
     [31m       <%= content_tag(:div, value, class: key) %>[0m
     [31m      <% end %>[0m
     [31m    </div>[0m
     [31m[0m
     [31m    <h1 class="header">Books</h1>[0m
     [31m    <!--æŠ•ç¨¿ä¸€è¦§-->[0m
     [31m    <table>[0m
     [31m      <thead>[0m
     [31m        <tr>[0m
     [31m          <th>Title</th>[0m
     [31m          <th>Body</th>[0m
     [31m          <th colspan="3"></th>[0m
     [31m        </tr>[0m
     [31m      </thead>[0m
     [31m[0m
     [31m      <tbody>[0m
     [31m        <!--ãƒ‡ãƒ¼ã‚¿ã‚’å–å¾—ã™ã‚‹æ§‹æ–‡-->[0m
     [31m        <% @books.each do |book| %>[0m
     [31m          <tr>[0m
     [31m            <td><%= book.title %></td>[0m
     [31m            <td><%= book.body %></td>[0m
     [31m            <td><%= link_to 'Show', book, method: :get %></td>[0m
     [31m            <td><%= link_to 'Edit', edit_book_path(book) %></td>[0m
     [31m            <!--viewã¯ä¸è¦-->[0m
     [31m            <td><%= link_to 'Destroy', book, method: :delete, data: {confirm: 'Are you sure?' } %></td>[0m
     [31m          </tr>[0m
     [31m          <% end %>[0m
     [31m      </tbody>[0m
     [31m    </table>[0m
     [31m[0m
     [31m    <!--æ–°è¦æŠ•ç¨¿-->[0m
     [31m    <h2>New book</h2>[0m
     [31m    <% if @book.errors.any? %>[0m
     [31m      <%= @book.errors.count %> errors prohibited this book from being saved:[0m
     [31m      <ul>[0m
     [31m        <% @book.errors.full_messages.each do |message| %>[0m
     [31m        <li><%= message %></li>[0m
     [31m      <% end %>[0m
     [31m      </ul>[0m
     [31m    <% end %>[0m
     [31m[0m
     [31m    <div class="form">[0m
     [31m    <!--form_withãƒ˜ãƒ«ãƒ‘ãƒ¼-->[0m
     [31m    <%= form_with model: @book, local : true do |f| %>[0m
     [31m      <div class="field">[0m
     [31m      <label for="book_title">Title</label>[0m
     [31m      <%= f.text_field :title %>[0m
     [31m      </div>[0m
     [31m[0m
     [31m      <div class="field">[0m
     [31m      <label for="book_body">Body</label>[0m
     [31m      <%= f.text_area :body %>[0m
     [31m      </div>[0m
     [31m[0m
     [31m      <div class="action">[0m
     [31m      <%= f.submit 'Create Book' %>[0m
     [31m      </div>[0m
     [31m    <% end %>[0m
     [31m    </div>[0m
     [31m  </body>[0m
     [36m# ./app/views/books/index.html.erb:49: syntax error, unexpected ':', expecting =>[0m
     [36m# ...form_with model: @book, local : true do |f| @output_buffer.s...[0m
     [36m# ...                              ^[0m
     [36m# ./app/views/books/index.html.erb:68: syntax error, unexpected end, expecting end-of-input[0m
     [36m#           end[0m
     [36m#           ^~~[0m
     [36m# ./app/views/books/index.html.erb:49: syntax error, unexpected ':', expecting =>[0m
     [36m# ...form_with model: @book, local : true do |f| @output_buffer.s...[0m
     [36m# ...                              ^[0m
     [36m# ./app/views/books/index.html.erb:68: syntax error, unexpected end, expecting end-of-input[0m
     [36m#           end[0m
     [36m#           ^~~[0m
     [36m# /home/ec2-user/.rvm/gems/ruby-2.6.3/gems/actiontext-6.1.4.7/lib/action_text/rendering.rb:20:in `with_renderer'[0m
     [36m# /home/ec2-user/.rvm/gems/ruby-2.6.3/gems/actiontext-6.1.4.7/lib/action_text/engine.rb:59:in `block (4 levels) in <class:Engine>'[0m
     [36m# /home/ec2-user/.rvm/gems/ruby-2.6.3/gems/rack-2.2.3/lib/rack/tempfile_reaper.rb:15:in `call'[0m
     [36m# /home/ec2-user/.rvm/gems/ruby-2.6.3/gems/rack-2.2.3/lib/rack/etag.rb:27:in `call'[0m
     [36m# /home/ec2-user/.rvm/gems/ruby-2.6.3/gems/rack-2.2.3/lib/rack/conditional_get.rb:27:in `call'[0m
     [36m# /home/ec2-user/.rvm/gems/ruby-2.6.3/gems/rack-2.2.3/lib/rack/head.rb:12:in `call'[0m
     [36m# /home/ec2-user/.rvm/gems/ruby-2.6.3/gems/rack-2.2.3/lib/rack/session/abstract/id.rb:266:in `context'[0m
     [36m# /home/ec2-user/.rvm/gems/ruby-2.6.3/gems/rack-2.2.3/lib/rack/session/abstract/id.rb:260:in `call'[0m
     [36m# /home/ec2-user/.rvm/gems/ruby-2.6.3/gems/railties-6.1.4.7/lib/rails/rack/logger.rb:37:in `call_app'[0m
     [36m# /home/ec2-user/.rvm/gems/ruby-2.6.3/gems/railties-6.1.4.7/lib/rails/rack/logger.rb:26:in `block in call'[0m
     [36m# /home/ec2-user/.rvm/gems/ruby-2.6.3/gems/railties-6.1.4.7/lib/rails/rack/logger.rb:26:in `call'[0m
     [36m# /home/ec2-user/.rvm/gems/ruby-2.6.3/gems/rack-2.2.3/lib/rack/method_override.rb:24:in `call'[0m
     [36m# /home/ec2-user/.rvm/gems/ruby-2.6.3/gems/rack-2.2.3/lib/rack/runtime.rb:22:in `call'[0m
     [36m# /home/ec2-user/.rvm/gems/ruby-2.6.3/gems/rack-2.2.3/lib/rack/sendfile.rb:110:in `call'[0m
     [36m# /home/ec2-user/.rvm/gems/ruby-2.6.3/gems/railties-6.1.4.7/lib/rails/engine.rb:539:in `call'[0m
     [36m# /home/ec2-user/.rvm/gems/ruby-2.6.3/gems/rack-2.2.3/lib/rack/urlmap.rb:74:in `block in call'[0m
     [36m# /home/ec2-user/.rvm/gems/ruby-2.6.3/gems/rack-2.2.3/lib/rack/urlmap.rb:58:in `each'[0m
     [36m# /home/ec2-user/.rvm/gems/ruby-2.6.3/gems/rack-2.2.3/lib/rack/urlmap.rb:58:in `call'[0m
     [36m# /home/ec2-user/.rvm/gems/ruby-2.6.3/gems/rack-2.2.3/lib/rack/builder.rb:244:in `call'[0m
     [36m# /home/ec2-user/.rvm/gems/ruby-2.6.3/gems/rack-test-1.1.0/lib/rack/mock_session.rb:29:in `request'[0m
     [36m# /home/ec2-user/.rvm/gems/ruby-2.6.3/gems/rack-test-1.1.0/lib/rack/test.rb:266:in `process_request'[0m
     [36m# /home/ec2-user/.rvm/gems/ruby-2.6.3/gems/rack-test-1.1.0/lib/rack/test.rb:129:in `custom_request'[0m
     [36m# /home/ec2-user/.rvm/gems/ruby-2.6.3/gems/rack-test-1.1.0/lib/rack/test.rb:58:in `get'[0m
     [36m# /home/ec2-user/.rvm/gems/ruby-2.6.3/gems/capybara-3.36.0/lib/capybara/rack_test/browser.rb:72:in `process'[0m
     [36m# /home/ec2-user/.rvm/gems/ruby-2.6.3/gems/capybara-3.36.0/lib/capybara/rack_test/browser.rb:47:in `process_and_follow_redirects'[0m
     [36m# /home/ec2-user/.rvm/gems/ruby-2.6.3/gems/capybara-3.36.0/lib/capybara/rack_test/browser.rb:24:in `visit'[0m
     [36m# /home/ec2-user/.rvm/gems/ruby-2.6.3/gems/capybara-3.36.0/lib/capybara/rack_test/driver.rb:46:in `visit'[0m
     [36m# /home/ec2-user/.rvm/gems/ruby-2.6.3/gems/capybara-3.36.0/lib/capybara/session.rb:278:in `visit'[0m
     [36m# /home/ec2-user/.rvm/gems/ruby-2.6.3/gems/capybara-3.36.0/lib/capybara/dsl.rb:58:in `block (2 levels) in <module:DSL>'[0m
     [36m# ./spec/system/books_spec.rb:20:in `block (3 levels) in <main>'[0m
     [36m# ------------------[0m
     [36m# --- Caused by: ---[0m
     [36m# SyntaxError:[0m
     [36m#   /home/ec2-user/environment/dwc_bookers/app/views/books/index.html.erb:49: syntax error, unexpected ':', expecting =>[0m
     [36m#   ...form_with model: @book, local : true do |f| @output_buffer.s...[0m
     [36m#   ...                              ^[0m
     [36m#   /home/ec2-user/environment/dwc_bookers/app/views/books/index.html.erb:68: syntax error, unexpected end, expecting end-of-input[0m
     [36m#             end[0m
     [36m#             ^~~[0m
     [36m#   ./app/views/books/index.html.erb:49: syntax error, unexpected ':', expecting =>[0m

  10) æŠ•ç¨¿ã®ãƒ†ã‚¹ãƒˆ ä¸€è¦§ç”»é¢ã®ãƒ†ã‚¹ãƒˆ bookå‰Šé™¤ã®ãƒ†ã‚¹ãƒˆ bookã®å‰Šé™¤
      [31mFailure/Error: <%= form_with model: @book, local : true do |f| %>[0m
      [31m[0m
      [31mActionView::SyntaxErrorInTemplate:[0m
      [31m  Encountered a syntax error while rendering template: check [0m
      [31m  <body>[0m
      [31m[0m
      [31m    <div class="flash-notifications">[0m
      [31m      <% flash.each do |key, value| %>[0m
      [31m       <%= content_tag(:div, value, class: key) %>[0m
      [31m      <% end %>[0m
      [31m    </div>[0m
      [31m[0m
      [31m    <h1 class="header">Books</h1>[0m
      [31m    <!--æŠ•ç¨¿ä¸€è¦§-->[0m
      [31m    <table>[0m
      [31m      <thead>[0m
      [31m        <tr>[0m
      [31m          <th>Title</th>[0m
      [31m          <th>Body</th>[0m
      [31m          <th colspan="3"></th>[0m
      [31m        </tr>[0m
      [31m      </thead>[0m
      [31m[0m
      [31m      <tbody>[0m
      [31m        <!--ãƒ‡ãƒ¼ã‚¿ã‚’å–å¾—ã™ã‚‹æ§‹æ–‡-->[0m
      [31m        <% @books.each do |book| %>[0m
      [31m          <tr>[0m
      [31m            <td><%= book.title %></td>[0m
      [31m            <td><%= book.body %></td>[0m
      [31m            <td><%= link_to 'Show', book, method: :get %></td>[0m
      [31m            <td><%= link_to 'Edit', edit_book_path(book) %></td>[0m
      [31m            <!--viewã¯ä¸è¦-->[0m
      [31m            <td><%= link_to 'Destroy', book, method: :delete, data: {confirm: 'Are you sure?' } %></td>[0m
      [31m          </tr>[0m
      [31m          <% end %>[0m
      [31m      </tbody>[0m
      [31m    </table>[0m
      [31m[0m
      [31m    <!--æ–°è¦æŠ•ç¨¿-->[0m
      [31m    <h2>New book</h2>[0m
      [31m    <% if @book.errors.any? %>[0m
      [31m      <%= @book.errors.count %> errors prohibited this book from being saved:[0m
      [31m      <ul>[0m
      [31m        <% @book.errors.full_messages.each do |message| %>[0m
      [31m        <li><%= message %></li>[0m
      [31m      <% end %>[0m
      [31m      </ul>[0m
      [31m    <% end %>[0m
      [31m[0m
      [31m    <div class="form">[0m
      [31m    <!--form_withãƒ˜ãƒ«ãƒ‘ãƒ¼-->[0m
      [31m    <%= form_with model: @book, local : true do |f| %>[0m
      [31m      <div class="field">[0m
      [31m      <label for="book_title">Title</label>[0m
      [31m      <%= f.text_field :title %>[0m
      [31m      </div>[0m
      [31m[0m
      [31m      <div class="field">[0m
      [31m      <label for="book_body">Body</label>[0m
      [31m      <%= f.text_area :body %>[0m
      [31m      </div>[0m
      [31m[0m
      [31m      <div class="action">[0m
      [31m      <%= f.submit 'Create Book' %>[0m
      [31m      </div>[0m
      [31m    <% end %>[0m
      [31m    </div>[0m
      [31m  </body>[0m
      [36m# ./app/views/books/index.html.erb:49: syntax error, unexpected ':', expecting =>[0m
      [36m# ...form_with model: @book, local : true do |f| @output_buffer.s...[0m
      [36m# ...                              ^[0m
      [36m# ./app/views/books/index.html.erb:68: syntax error, unexpected end, expecting end-of-input[0m
      [36m#           end[0m
      [36m#           ^~~[0m
      [36m# ./app/views/books/index.html.erb:49: syntax error, unexpected ':', expecting =>[0m
      [36m# ...form_with model: @book, local : true do |f| @output_buffer.s...[0m
      [36m# ...                              ^[0m
      [36m# ./app/views/books/index.html.erb:68: syntax error, unexpected end, expecting end-of-input[0m
      [36m#           end[0m
      [36m#           ^~~[0m
      [36m# /home/ec2-user/.rvm/gems/ruby-2.6.3/gems/actiontext-6.1.4.7/lib/action_text/rendering.rb:20:in `with_renderer'[0m
      [36m# /home/ec2-user/.rvm/gems/ruby-2.6.3/gems/actiontext-6.1.4.7/lib/action_text/engine.rb:59:in `block (4 levels) in <class:Engine>'[0m
      [36m# /home/ec2-user/.rvm/gems/ruby-2.6.3/gems/rack-2.2.3/lib/rack/tempfile_reaper.rb:15:in `call'[0m
      [36m# /home/ec2-user/.rvm/gems/ruby-2.6.3/gems/rack-2.2.3/lib/rack/etag.rb:27:in `call'[0m
      [36m# /home/ec2-user/.rvm/gems/ruby-2.6.3/gems/rack-2.2.3/lib/rack/conditional_get.rb:27:in `call'[0m
      [36m# /home/ec2-user/.rvm/gems/ruby-2.6.3/gems/rack-2.2.3/lib/rack/head.rb:12:in `call'[0m
      [36m# /home/ec2-user/.rvm/gems/ruby-2.6.3/gems/rack-2.2.3/lib/rack/session/abstract/id.rb:266:in `context'[0m
      [36m# /home/ec2-user/.rvm/gems/ruby-2.6.3/gems/rack-2.2.3/lib/rack/session/abstract/id.rb:260:in `call'[0m
      [36m# /home/ec2-user/.rvm/gems/ruby-2.6.3/gems/railties-6.1.4.7/lib/rails/rack/logger.rb:37:in `call_app'[0m
      [36m# /home/ec2-user/.rvm/gems/ruby-2.6.3/gems/railties-6.1.4.7/lib/rails/rack/logger.rb:26:in `block in call'[0m
      [36m# /home/ec2-user/.rvm/gems/ruby-2.6.3/gems/railties-6.1.4.7/lib/rails/rack/logger.rb:26:in `call'[0m
      [36m# /home/ec2-user/.rvm/gems/ruby-2.6.3/gems/rack-2.2.3/lib/rack/method_override.rb:24:in `call'[0m
      [36m# /home/ec2-user/.rvm/gems/ruby-2.6.3/gems/rack-2.2.3/lib/rack/runtime.rb:22:in `call'[0m
      [36m# /home/ec2-user/.rvm/gems/ruby-2.6.3/gems/rack-2.2.3/lib/rack/sendfile.rb:110:in `call'[0m
      [36m# /home/ec2-user/.rvm/gems/ruby-2.6.3/gems/railties-6.1.4.7/lib/rails/engine.rb:539:in `call'[0m
      [36m# /home/ec2-user/.rvm/gems/ruby-2.6.3/gems/rack-2.2.3/lib/rack/urlmap.rb:74:in `block in call'[0m
      [36m# /home/ec2-user/.rvm/gems/ruby-2.6.3/gems/rack-2.2.3/lib/rack/urlmap.rb:58:in `each'[0m
      [36m# /home/ec2-user/.rvm/gems/ruby-2.6.3/gems/rack-2.2.3/lib/rack/urlmap.rb:58:in `call'[0m
      [36m# /home/ec2-user/.rvm/gems/ruby-2.6.3/gems/rack-2.2.3/lib/rack/builder.rb:244:in `call'[0m
      [36m# /home/ec2-user/.rvm/gems/ruby-2.6.3/gems/rack-test-1.1.0/lib/rack/mock_session.rb:29:in `request'[0m
      [36m# /home/ec2-user/.rvm/gems/ruby-2.6.3/gems/rack-test-1.1.0/lib/rack/test.rb:266:in `process_request'[0m
      [36m# /home/ec2-user/.rvm/gems/ruby-2.6.3/gems/rack-test-1.1.0/lib/rack/test.rb:129:in `custom_request'[0m
      [36m# /home/ec2-user/.rvm/gems/ruby-2.6.3/gems/rack-test-1.1.0/lib/rack/test.rb:58:in `get'[0m
      [36m# /home/ec2-user/.rvm/gems/ruby-2.6.3/gems/capybara-3.36.0/lib/capybara/rack_test/browser.rb:72:in `process'[0m
      [36m# /home/ec2-user/.rvm/gems/ruby-2.6.3/gems/capybara-3.36.0/lib/capybara/rack_test/browser.rb:47:in `process_and_follow_redirects'[0m
      [36m# /home/ec2-user/.rvm/gems/ruby-2.6.3/gems/capybara-3.36.0/lib/capybara/rack_test/browser.rb:24:in `visit'[0m
      [36m# /home/ec2-user/.rvm/gems/ruby-2.6.3/gems/capybara-3.36.0/lib/capybara/rack_test/driver.rb:46:in `visit'[0m
      [36m# /home/ec2-user/.rvm/gems/ruby-2.6.3/gems/capybara-3.36.0/lib/capybara/session.rb:278:in `visit'[0m
      [36m# /home/ec2-user/.rvm/gems/ruby-2.6.3/gems/capybara-3.36.0/lib/capybara/dsl.rb:58:in `block (2 levels) in <module:DSL>'[0m
      [36m# ./spec/system/books_spec.rb:20:in `block (3 levels) in <main>'[0m
      [36m# ------------------[0m
      [36m# --- Caused by: ---[0m
      [36m# SyntaxError:[0m
      [36m#   /home/ec2-user/environment/dwc_bookers/app/views/books/index.html.erb:49: syntax error, unexpected ':', expecting =>[0m
      [36m#   ...form_with model: @book, local : true do |f| @output_buffer.s...[0m
      [36m#   ...                              ^[0m
      [36m#   /home/ec2-user/environment/dwc_bookers/app/views/books/index.html.erb:68: syntax error, unexpected end, expecting end-of-input[0m
      [36m#             end[0m
      [36m#             ^~~[0m
      [36m#   ./app/views/books/index.html.erb:49: syntax error, unexpected ':', expecting =>[0m

  11) æŠ•ç¨¿ã®ãƒ†ã‚¹ãƒˆ è©³ç´°ç”»é¢ã®ãƒ†ã‚¹ãƒˆ ãƒªãƒ³ã‚¯ã®é·ç§»å…ˆã®ç¢ºèª Backã®é·ç§»å…ˆã¯ä¸€è¦§ç”»é¢ã‹
      [31mFailure/Error: expect(page).to have_current_path books_path[0m
      [31m  expected "/books/1" to equal "/books"[0m
      [36m# ./spec/system/books_spec.rb:122:in `block (4 levels) in <main>'[0m

  12) æŠ•ç¨¿ã®ãƒ†ã‚¹ãƒˆ ç·¨é›†ç”»é¢ã®ãƒ†ã‚¹ãƒˆ ãƒªãƒ³ã‚¯ã®é·ç§»å…ˆã®ç¢ºèª Backã®é·ç§»å…ˆã¯ä¸€è¦§ç”»é¢ã‹
      [31mFailure/Error: <%= form_with model: @book, local : true do |f| %>[0m
      [31m[0m
      [31mActionView::SyntaxErrorInTemplate:[0m
      [31m  Encountered a syntax error while rendering template: check [0m
      [31m  <body>[0m
      [31m[0m
      [31m    <div class="flash-notifications">[0m
      [31m      <% flash.each do |key, value| %>[0m
      [31m       <%= content_tag(:div, value, class: key) %>[0m
      [31m      <% end %>[0m
      [31m    </div>[0m
      [31m[0m
      [31m    <h1 class="header">Books</h1>[0m
      [31m    <!--æŠ•ç¨¿ä¸€è¦§-->[0m
      [31m    <table>[0m
      [31m      <thead>[0m
      [31m        <tr>[0m
      [31m          <th>Title</th>[0m
      [31m          <th>Body</th>[0m
      [31m          <th colspan="3"></th>[0m
      [31m        </tr>[0m
      [31m      </thead>[0m
      [31m[0m
      [31m      <tbody>[0m
      [31m        <!--ãƒ‡ãƒ¼ã‚¿ã‚’å–å¾—ã™ã‚‹æ§‹æ–‡-->[0m
      [31m        <% @books.each do |book| %>[0m
      [31m          <tr>[0m
      [31m            <td><%= book.title %></td>[0m
      [31m            <td><%= book.body %></td>[0m
      [31m            <td><%= link_to 'Show', book, method: :get %></td>[0m
      [31m            <td><%= link_to 'Edit', edit_book_path(book) %></td>[0m
      [31m            <!--viewã¯ä¸è¦-->[0m
      [31m            <td><%= link_to 'Destroy', book, method: :delete, data: {confirm: 'Are you sure?' } %></td>[0m
      [31m          </tr>[0m
      [31m          <% end %>[0m
      [31m      </tbody>[0m
      [31m    </table>[0m
      [31m[0m
      [31m    <!--æ–°è¦æŠ•ç¨¿-->[0m
      [31m    <h2>New book</h2>[0m
      [31m    <% if @book.errors.any? %>[0m
      [31m      <%= @book.errors.count %> errors prohibited this book from being saved:[0m
      [31m      <ul>[0m
      [31m        <% @book.errors.full_messages.each do |message| %>[0m
      [31m        <li><%= message %></li>[0m
      [31m      <% end %>[0m
      [31m      </ul>[0m
      [31m    <% end %>[0m
      [31m[0m
      [31m    <div class="form">[0m
      [31m    <!--form_withãƒ˜ãƒ«ãƒ‘ãƒ¼-->[0m
      [31m    <%= form_with model: @book, local : true do |f| %>[0m
      [31m      <div class="field">[0m
      [31m      <label for="book_title">Title</label>[0m
      [31m      <%= f.text_field :title %>[0m
      [31m      </div>[0m
      [31m[0m
      [31m      <div class="field">[0m
      [31m      <label for="book_body">Body</label>[0m
      [31m      <%= f.text_area :body %>[0m
      [31m      </div>[0m
      [31m[0m
      [31m      <div class="action">[0m
      [31m      <%= f.submit 'Create Book' %>[0m
      [31m      </div>[0m
      [31m    <% end %>[0m
      [31m    </div>[0m
      [31m  </body>[0m
      [36m# ./app/views/books/index.html.erb:49: syntax error, unexpected ':', expecting =>[0m
      [36m# ...form_with model: @book, local : true do |f| @output_buffer.s...[0m
      [36m# ...                              ^[0m
      [36m# ./app/views/books/index.html.erb:68: syntax error, unexpected end, expecting end-of-input[0m
      [36m#           end[0m
      [36m#           ^~~[0m
      [36m# ./app/views/books/index.html.erb:49: syntax error, unexpected ':', expecting =>[0m
      [36m# ...form_with model: @book, local : true do |f| @output_buffer.s...[0m
      [36m# ...                              ^[0m
      [36m# ./app/views/books/index.html.erb:68: syntax error, unexpected end, expecting end-of-input[0m
      [36m#           end[0m
      [36m#           ^~~[0m
      [36m# /home/ec2-user/.rvm/gems/ruby-2.6.3/gems/actiontext-6.1.4.7/lib/action_text/rendering.rb:20:in `with_renderer'[0m
      [36m# /home/ec2-user/.rvm/gems/ruby-2.6.3/gems/actiontext-6.1.4.7/lib/action_text/engine.rb:59:in `block (4 levels) in <class:Engine>'[0m
      [36m# /home/ec2-user/.rvm/gems/ruby-2.6.3/gems/rack-2.2.3/lib/rack/tempfile_reaper.rb:15:in `call'[0m
      [36m# /home/ec2-user/.rvm/gems/ruby-2.6.3/gems/rack-2.2.3/lib/rack/etag.rb:27:in `call'[0m
      [36m# /home/ec2-user/.rvm/gems/ruby-2.6.3/gems/rack-2.2.3/lib/rack/conditional_get.rb:27:in `call'[0m
      [36m# /home/ec2-user/.rvm/gems/ruby-2.6.3/gems/rack-2.2.3/lib/rack/head.rb:12:in `call'[0m
      [36m# /home/ec2-user/.rvm/gems/ruby-2.6.3/gems/rack-2.2.3/lib/rack/session/abstract/id.rb:266:in `context'[0m
      [36m# /home/ec2-user/.rvm/gems/ruby-2.6.3/gems/rack-2.2.3/lib/rack/session/abstract/id.rb:260:in `call'[0m
      [36m# /home/ec2-user/.rvm/gems/ruby-2.6.3/gems/railties-6.1.4.7/lib/rails/rack/logger.rb:37:in `call_app'[0m
      [36m# /home/ec2-user/.rvm/gems/ruby-2.6.3/gems/railties-6.1.4.7/lib/rails/rack/logger.rb:26:in `block in call'[0m
      [36m# /home/ec2-user/.rvm/gems/ruby-2.6.3/gems/railties-6.1.4.7/lib/rails/rack/logger.rb:26:in `call'[0m
      [36m# /home/ec2-user/.rvm/gems/ruby-2.6.3/gems/rack-2.2.3/lib/rack/method_override.rb:24:in `call'[0m
      [36m# /home/ec2-user/.rvm/gems/ruby-2.6.3/gems/rack-2.2.3/lib/rack/runtime.rb:22:in `call'[0m
      [36m# /home/ec2-user/.rvm/gems/ruby-2.6.3/gems/rack-2.2.3/lib/rack/sendfile.rb:110:in `call'[0m
      [36m# /home/ec2-user/.rvm/gems/ruby-2.6.3/gems/railties-6.1.4.7/lib/rails/engine.rb:539:in `call'[0m
      [36m# /home/ec2-user/.rvm/gems/ruby-2.6.3/gems/rack-2.2.3/lib/rack/urlmap.rb:74:in `block in call'[0m
      [36m# /home/ec2-user/.rvm/gems/ruby-2.6.3/gems/rack-2.2.3/lib/rack/urlmap.rb:58:in `each'[0m
      [36m# /home/ec2-user/.rvm/gems/ruby-2.6.3/gems/rack-2.2.3/lib/rack/urlmap.rb:58:in `call'[0m
      [36m# /home/ec2-user/.rvm/gems/ruby-2.6.3/gems/rack-2.2.3/lib/rack/builder.rb:244:in `call'[0m
      [36m# /home/ec2-user/.rvm/gems/ruby-2.6.3/gems/rack-test-1.1.0/lib/rack/mock_session.rb:29:in `request'[0m
      [36m# /home/ec2-user/.rvm/gems/ruby-2.6.3/gems/rack-test-1.1.0/lib/rack/test.rb:266:in `process_request'[0m
      [36m# /home/ec2-user/.rvm/gems/ruby-2.6.3/gems/rack-test-1.1.0/lib/rack/test.rb:129:in `custom_request'[0m
      [36m# /home/ec2-user/.rvm/gems/ruby-2.6.3/gems/rack-test-1.1.0/lib/rack/test.rb:58:in `get'[0m
      [36m# /home/ec2-user/.rvm/gems/ruby-2.6.3/gems/capybara-3.36.0/lib/capybara/rack_test/browser.rb:72:in `process'[0m
      [36m# /home/ec2-user/.rvm/gems/ruby-2.6.3/gems/capybara-3.36.0/lib/capybara/rack_test/browser.rb:47:in `process_and_follow_redirects'[0m
      [36m# /home/ec2-user/.rvm/gems/ruby-2.6.3/gems/capybara-3.36.0/lib/capybara/rack_test/browser.rb:42:in `follow'[0m
      [36m# /home/ec2-user/.rvm/gems/ruby-2.6.3/gems/capybara-3.36.0/lib/capybara/rack_test/node.rb:249:in `follow_link'[0m
      [36m# /home/ec2-user/.rvm/gems/ruby-2.6.3/gems/capybara-3.36.0/lib/capybara/rack_test/node.rb:72:in `click'[0m
      [36m# /home/ec2-user/.rvm/gems/ruby-2.6.3/gems/capybara-3.36.0/lib/capybara/rack_test/node.rb:144:in `block (2 levels) in <class:Node>'[0m
      [36m# /home/ec2-user/.rvm/gems/ruby-2.6.3/gems/capybara-3.36.0/lib/capybara/node/element.rb:172:in `block in click'[0m
      [36m# /home/ec2-user/.rvm/gems/ruby-2.6.3/gems/capybara-3.36.0/lib/capybara/node/element.rb:597:in `block in perform_click_action'[0m
      [36m# /home/ec2-user/.rvm/gems/ruby-2.6.3/gems/capybara-3.36.0/lib/capybara/node/base.rb:83:in `synchronize'[0m
      [36m# /home/ec2-user/.rvm/gems/ruby-2.6.3/gems/capybara-3.36.0/lib/capybara/node/element.rb:597:in `perform_click_action'[0m
      [36m# /home/ec2-user/.rvm/gems/ruby-2.6.3/gems/capybara-3.36.0/lib/capybara/node/element.rb:171:in `click'[0m
      [36m# ./spec/system/books_spec.rb:155:in `block (4 levels) in <main>'[0m
      [36m# ------------------[0m
      [36m# --- Caused by: ---[0m
      [36m# SyntaxError:[0m
      [36m#   /home/ec2-user/environment/dwc_bookers/app/views/books/index.html.erb:49: syntax error, unexpected ':', expecting =>[0m
      [36m#   ...form_with model: @book, local : true do |f| @output_buffer.s...[0m
      [36m#   ...                              ^[0m
      [36m#   /home/ec2-user/environment/dwc_bookers/app/views/books/index.html.erb:68: syntax error, unexpected end, expecting end-of-input[0m
      [36m#             end[0m
      [36m#             ^~~[0m
      [36m#   ./app/views/books/index.html.erb:49: syntax error, unexpected ':', expecting =>[0m

Finished in 0.74423 seconds (files took 0.93511 seconds to load)
[31m29 examples, 12 failures[0m

Failed examples:

[31mrspec ./spec/models/book_spec.rb:28[0m [36m# Book ãƒ¢ãƒ‡ãƒ«ã«é–¢ã™ã‚‹ãƒ†ã‚¹ãƒˆ titleã‚’ç©ºç™½ã§æŠ•ç¨¿ã—ãŸå ´åˆã«ç”»é¢ã«ã‚¨ãƒ©ãƒ¼ãƒ¡ãƒƒã‚»ãƒ¼ã‚¸ãŒè¡¨ç¤ºã•ã‚Œã¦ã„ã‚‹ã‹ ã‚¨ãƒ©ãƒ¼ãƒ¡ãƒƒã‚»ãƒ¼ã‚¸ã¯æ­£ã—ãè¡¨ç¤ºã•ã‚Œã‚‹ã‹[0m
[31mrspec ./spec/models/book_spec.rb:38[0m [36m# Book ãƒ¢ãƒ‡ãƒ«ã«é–¢ã™ã‚‹ãƒ†ã‚¹ãƒˆ bodyã‚’ç©ºç™½ã§æŠ•ç¨¿ã—ãŸå ´åˆã«ç”»é¢ã«ã‚¨ãƒ©ãƒ¼ãƒ¡ãƒƒã‚»ãƒ¼ã‚¸ãŒè¡¨ç¤ºã•ã‚Œã¦ã„ã‚‹ã‹ ã‚¨ãƒ©ãƒ¼ãƒ¡ãƒƒã‚»ãƒ¼ã‚¸ã¯æ­£ã—ãè¡¨ç¤ºã•ã‚Œã‚‹ã‹[0m
[31mrspec ./spec/system/books_spec.rb:23[0m [36m# æŠ•ç¨¿ã®ãƒ†ã‚¹ãƒˆ ä¸€è¦§ç”»é¢ã®ãƒ†ã‚¹ãƒˆ ä¸€è¦§ã®è¡¨ç¤ºã¨ãƒªãƒ³ã‚¯ã®ç¢ºèª bookã®ä¸€è¦§è¡¨ç¤º(tableã‚¿ã‚°)ã¨æŠ•ç¨¿ãƒ•ã‚©ãƒ¼ãƒ ãŒåŒä¸€ç”»é¢ã«è¡¨ç¤ºã•ã‚Œã¦ã„ã‚‹ã‹[0m
[31mrspec ./spec/system/books_spec.rb:28[0m [36m# æŠ•ç¨¿ã®ãƒ†ã‚¹ãƒˆ ä¸€è¦§ç”»é¢ã®ãƒ†ã‚¹ãƒˆ ä¸€è¦§ã®è¡¨ç¤ºã¨ãƒªãƒ³ã‚¯ã®ç¢ºèª bookã®ã‚¿ã‚¤ãƒˆãƒ«ã¨æ„Ÿæƒ³ã‚’è¡¨ç¤ºã—ã€è©³ç´°ãƒ»ç·¨é›†ãƒ»å‰Šé™¤ã®ãƒªãƒ³ã‚¯ãŒè¡¨ç¤ºã•ã‚Œã¦ã„ã‚‹ã‹[0m
[31mrspec ./spec/system/books_spec.rb:51[0m [36m# æŠ•ç¨¿ã®ãƒ†ã‚¹ãƒˆ ä¸€è¦§ç”»é¢ã®ãƒ†ã‚¹ãƒˆ ä¸€è¦§ã®è¡¨ç¤ºã¨ãƒªãƒ³ã‚¯ã®ç¢ºèª Create Bookãƒœã‚¿ãƒ³ãŒè¡¨ç¤ºã•ã‚Œã‚‹[0m
[31mrspec ./spec/system/books_spec.rb:56[0m [36m# æŠ•ç¨¿ã®ãƒ†ã‚¹ãƒˆ ä¸€è¦§ç”»é¢ã®ãƒ†ã‚¹ãƒˆ æŠ•ç¨¿å‡¦ç†ã«é–¢ã™ã‚‹ãƒ†ã‚¹ãƒˆ æŠ•ç¨¿ã«æˆåŠŸã—ã‚µã‚¯ã‚»ã‚¹ãƒ¡ãƒƒã‚»ãƒ¼ã‚¸ãŒè¡¨ç¤ºã•ã‚Œã‚‹ã‹[0m
[31mrspec ./spec/system/books_spec.rb:62[0m [36m# æŠ•ç¨¿ã®ãƒ†ã‚¹ãƒˆ ä¸€è¦§ç”»é¢ã®ãƒ†ã‚¹ãƒˆ æŠ•ç¨¿å‡¦ç†ã«é–¢ã™ã‚‹ãƒ†ã‚¹ãƒˆ æŠ•ç¨¿ã«å¤±æ•—ã™ã‚‹[0m
[31mrspec ./spec/system/books_spec.rb:67[0m [36m# æŠ•ç¨¿ã®ãƒ†ã‚¹ãƒˆ ä¸€è¦§ç”»é¢ã®ãƒ†ã‚¹ãƒˆ æŠ•ç¨¿å‡¦ç†ã«é–¢ã™ã‚‹ãƒ†ã‚¹ãƒˆ æŠ•ç¨¿å¾Œã®ãƒªãƒ€ã‚¤ãƒ¬ã‚¯ãƒˆå…ˆã¯æ­£ã—ã„ã‹[0m
[31mrspec ./spec/system/books_spec.rb:75[0m [36m# æŠ•ç¨¿ã®ãƒ†ã‚¹ãƒˆ ä¸€è¦§ç”»é¢ã®ãƒ†ã‚¹ãƒˆ bookå‰Šé™¤ã®ãƒ†ã‚¹ãƒˆ application.html.erbã«javascript_pack_tagã‚’å«ã‚“ã§ã„ã‚‹ã‹[0m
[31mrspec ./spec/system/books_spec.rb:86[0m [36m# æŠ•ç¨¿ã®ãƒ†ã‚¹ãƒˆ ä¸€è¦§ç”»é¢ã®ãƒ†ã‚¹ãƒˆ bookå‰Šé™¤ã®ãƒ†ã‚¹ãƒˆ bookã®å‰Šé™¤[0m
[31mrspec ./spec/system/books_spec.rb:119[0m [36m# æŠ•ç¨¿ã®ãƒ†ã‚¹ãƒˆ è©³ç´°ç”»é¢ã®ãƒ†ã‚¹ãƒˆ ãƒªãƒ³ã‚¯ã®é·ç§»å…ˆã®ç¢ºèª Backã®é·ç§»å…ˆã¯ä¸€è¦§ç”»é¢ã‹[0m
[31mrspec ./spec/system/books_spec.rb:153[0m [36m# æŠ•ç¨¿ã®ãƒ†ã‚¹ãƒˆ ç·¨é›†ç”»é¢ã®ãƒ†ã‚¹ãƒˆ ãƒªãƒ³ã‚¯ã®é·ç§»å…ˆã®ç¢ºèª Backã®é·ç§»å…ˆã¯ä¸€è¦§ç”»é¢ã‹[0m

